<?xml version="1.0" encoding="UTF-8"?>
<coverage generated="1780325718073" clover="3.2.0">
  <project timestamp="1780325718073" name="All files">
    <metrics statements="87" coveredstatements="87" conditionals="121" coveredconditionals="92" methods="9" coveredmethods="9" elements="217" coveredelements="188" complexity="0" loc="87" ncloc="87" packages="1" files="1" classes="1"/>
    <file name="dataUtils.js" path="C:\Projetos\biblios\src\utils\dataUtils.js">
      <metrics statements="87" coveredstatements="87" conditionals="121" coveredconditionals="92" methods="9" coveredmethods="9"/>
      <line num="4" count="1" type="stmt"/>
      <line num="5" count="5" type="cond" truecount="4" falsecount="0"/>
      <line num="6" count="3" type="stmt"/>
      <line num="7" count="3" type="cond" truecount="6" falsecount="0"/>
      <line num="8" count="2" type="stmt"/>
      <line num="9" count="2" type="stmt"/>
      <line num="11" count="1" type="stmt"/>
      <line num="17" count="1" type="stmt"/>
      <line num="18" count="4" type="stmt"/>
      <line num="19" count="4" type="stmt"/>
      <line num="20" count="4" type="stmt"/>
      <line num="22" count="4" type="stmt"/>
      <line num="23" count="146" type="stmt"/>
      <line num="24" count="146" type="stmt"/>
      <line num="26" count="146" type="cond" truecount="2" falsecount="0"/>
      <line num="27" count="6" type="cond" truecount="4" falsecount="0"/>
      <line num="28" count="2" type="stmt"/>
      <line num="29" count="2" type="stmt"/>
      <line num="31" count="4" type="stmt"/>
      <line num="33" count="140" type="cond" truecount="4" falsecount="0"/>
      <line num="34" count="10" type="stmt"/>
      <line num="35" count="130" type="cond" truecount="5" falsecount="0"/>
      <line num="36" count="6" type="cond" truecount="4" falsecount="0"/>
      <line num="37" count="2" type="stmt"/>
      <line num="39" count="6" type="cond" truecount="2" falsecount="2"/>
      <line num="40" count="6" type="stmt"/>
      <line num="42" count="6" type="stmt"/>
      <line num="44" count="124" type="stmt"/>
      <line num="47" count="4" type="cond" truecount="2" falsecount="2"/>
      <line num="48" count="4" type="stmt"/>
      <line num="50" count="4" type="stmt"/>
      <line num="56" count="1" type="stmt"/>
      <line num="57" count="2" type="cond" truecount="1" falsecount="1"/>
      <line num="59" count="11" type="stmt"/>
      <line num="60" count="2" type="stmt"/>
      <line num="72" count="2" type="stmt"/>
      <line num="73" count="4" type="cond" truecount="4" falsecount="0"/>
      <line num="74" count="2" type="stmt"/>
      <line num="91" count="1" type="stmt"/>
      <line num="92" count="5" type="stmt"/>
      <line num="93" count="5" type="stmt"/>
      <line num="94" count="7" type="stmt"/>
      <line num="95" count="7" type="stmt"/>
      <line num="97" count="7" type="cond" truecount="2" falsecount="0"/>
      <line num="98" count="1" type="stmt"/>
      <line num="99" count="1" type="stmt"/>
      <line num="100" count="6" type="cond" truecount="2" falsecount="0"/>
      <line num="101" count="1" type="stmt"/>
      <line num="102" count="1" type="stmt"/>
      <line num="103" count="5" type="cond" truecount="2" falsecount="0"/>
      <line num="104" count="1" type="stmt"/>
      <line num="105" count="1" type="stmt"/>
      <line num="108" count="7" type="cond" truecount="4" falsecount="0"/>
      <line num="109" count="2" type="stmt"/>
      <line num="110" count="2" type="stmt"/>
      <line num="113" count="7" type="cond" truecount="2" falsecount="0"/>
      <line num="114" count="1" type="stmt"/>
      <line num="115" count="1" type="stmt"/>
      <line num="118" count="7" type="stmt"/>
      <line num="119" count="1" type="cond" truecount="2" falsecount="0"/>
      <line num="123" count="7" type="cond" truecount="2" falsecount="0"/>
      <line num="124" count="1" type="cond" truecount="2" falsecount="2"/>
      <line num="125" count="1" type="stmt"/>
      <line num="126" count="1" type="stmt"/>
      <line num="128" count="1" type="cond" truecount="2" falsecount="2"/>
      <line num="129" count="1" type="cond" truecount="1" falsecount="1"/>
      <line num="130" count="1" type="stmt"/>
      <line num="131" count="1" type="stmt"/>
      <line num="134" count="1" type="cond" truecount="2" falsecount="3"/>
      <line num="135" count="1" type="stmt"/>
      <line num="136" count="1" type="stmt"/>
      <line num="138" count="1" type="cond" truecount="3" falsecount="2"/>
      <line num="139" count="1" type="stmt"/>
      <line num="140" count="1" type="stmt"/>
      <line num="143" count="6" type="cond" truecount="1" falsecount="1"/>
      <line num="144" count="6" type="stmt"/>
      <line num="145" count="6" type="stmt"/>
      <line num="147" count="6" type="cond" truecount="1" falsecount="1"/>
      <line num="148" count="6" type="stmt"/>
      <line num="149" count="6" type="stmt"/>
      <line num="151" count="6" type="cond" truecount="1" falsecount="1"/>
      <line num="152" count="6" type="cond" truecount="1" falsecount="1"/>
      <line num="153" count="6" type="stmt"/>
      <line num="157" count="7" type="cond" truecount="1" falsecount="1"/>
      <line num="158" count="7" type="stmt"/>
      <line num="160" count="7" type="stmt"/>
      <line num="163" count="5" type="stmt"/>
    </file>
  </project>
</coverage>
