<?xml version="1.0" encoding="UTF-8"?>
<coverage generated="1780433118727" clover="3.2.0">
  <project timestamp="1780433118728" name="All files">
    <metrics statements="147" coveredstatements="147" conditionals="159" coveredconditionals="127" methods="21" coveredmethods="21" elements="327" coveredelements="295" complexity="0" loc="147" ncloc="147" packages="2" files="2" classes="2"/>
    <package name="books">
      <metrics statements="6" coveredstatements="6" conditionals="0" coveredconditionals="0" methods="0" coveredmethods="0"/>
      <file name="un-geoscheme-subregions-countries.json" path="/Users/leonardo/books/un-geoscheme-subregions-countries.json">
        <metrics statements="6" coveredstatements="6" conditionals="0" coveredconditionals="0" methods="0" coveredmethods="0"/>
        <line num="1" count="1" type="stmt"/>
        <line num="2" count="1" type="stmt"/>
        <line num="3" count="1" type="stmt"/>
        <line num="4" count="1" type="stmt"/>
        <line num="5" count="1" type="stmt"/>
        <line num="6" count="1" type="stmt"/>
      </file>
    </package>
    <package name="books.src.utils">
      <metrics statements="141" coveredstatements="141" conditionals="159" coveredconditionals="127" methods="21" coveredmethods="21"/>
      <file name="dataUtils.js" path="/Users/leonardo/books/src/utils/dataUtils.js">
        <metrics statements="141" coveredstatements="141" conditionals="159" coveredconditionals="127" methods="21" coveredmethods="21"/>
        <line num="4" count="1" type="stmt"/>
        <line num="5" count="1" type="stmt"/>
        <line num="14" count="1" type="stmt"/>
        <line num="15" count="6" type="stmt"/>
        <line num="16" count="21" type="stmt"/>
        <line num="17" count="21" type="stmt"/>
        <line num="18" count="235" type="stmt"/>
        <line num="28" count="1" type="stmt"/>
        <line num="54" count="1" type="stmt"/>
        <line num="92" count="1" type="stmt"/>
        <line num="93" count="11" type="cond" truecount="1" falsecount="1"/>
        <line num="94" count="11" type="stmt"/>
        <line num="95" count="11" type="cond" truecount="2" falsecount="0"/>
        <line num="98" count="1" type="stmt"/>
        <line num="99" count="11" type="cond" truecount="2" falsecount="0"/>
        <line num="100" count="9" type="stmt"/>
        <line num="101" count="9" type="cond" truecount="2" falsecount="0"/>
        <line num="104" count="11" type="stmt"/>
        <line num="107" count="11" type="cond" truecount="2" falsecount="0"/>
        <line num="108" count="1" type="stmt"/>
        <line num="109" count="74" type="cond" truecount="2" falsecount="0"/>
        <line num="111" count="1" type="cond" truecount="1" falsecount="1"/>
        <line num="114" count="9" type="cond" truecount="1" falsecount="1"/>
        <line num="120" count="1" type="stmt"/>
        <line num="121" count="14" type="cond" truecount="1" falsecount="1"/>
        <line num="122" count="14" type="stmt"/>
        <line num="135" count="1" type="stmt"/>
        <line num="136" count="6" type="cond" truecount="2" falsecount="0"/>
        <line num="137" count="3" type="stmt"/>
        <line num="143" count="1" type="stmt"/>
        <line num="144" count="5" type="cond" truecount="4" falsecount="0"/>
        <line num="145" count="3" type="stmt"/>
        <line num="146" count="3" type="cond" truecount="6" falsecount="0"/>
        <line num="147" count="2" type="stmt"/>
        <line num="148" count="2" type="stmt"/>
        <line num="150" count="1" type="stmt"/>
        <line num="156" count="1" type="stmt"/>
        <line num="157" count="4" type="stmt"/>
        <line num="158" count="4" type="stmt"/>
        <line num="159" count="4" type="stmt"/>
        <line num="161" count="4" type="stmt"/>
        <line num="162" count="146" type="stmt"/>
        <line num="163" count="146" type="stmt"/>
        <line num="165" count="146" type="cond" truecount="2" falsecount="0"/>
        <line num="166" count="6" type="cond" truecount="4" falsecount="0"/>
        <line num="167" count="2" type="stmt"/>
        <line num="168" count="2" type="stmt"/>
        <line num="170" count="4" type="stmt"/>
        <line num="172" count="140" type="cond" truecount="4" falsecount="0"/>
        <line num="173" count="10" type="stmt"/>
        <line num="174" count="130" type="cond" truecount="5" falsecount="0"/>
        <line num="175" count="6" type="cond" truecount="4" falsecount="0"/>
        <line num="176" count="2" type="stmt"/>
        <line num="178" count="6" type="cond" truecount="2" falsecount="2"/>
        <line num="179" count="6" type="stmt"/>
        <line num="181" count="6" type="stmt"/>
        <line num="183" count="124" type="stmt"/>
        <line num="186" count="4" type="cond" truecount="2" falsecount="2"/>
        <line num="187" count="4" type="stmt"/>
        <line num="189" count="4" type="stmt"/>
        <line num="195" count="1" type="stmt"/>
        <line num="196" count="2" type="cond" truecount="1" falsecount="1"/>
        <line num="198" count="11" type="stmt"/>
        <line num="199" count="2" type="stmt"/>
        <line num="212" count="2" type="stmt"/>
        <line num="213" count="4" type="cond" truecount="4" falsecount="0"/>
        <line num="215" count="2" type="cond" truecount="2" falsecount="0"/>
        <line num="216" count="2" type="stmt"/>
        <line num="218" count="2" type="stmt"/>
        <line num="237" count="1" type="stmt"/>
        <line num="238" count="7" type="stmt"/>
        <line num="239" count="7" type="stmt"/>
        <line num="240" count="9" type="stmt"/>
        <line num="241" count="9" type="stmt"/>
        <line num="244" count="9" type="stmt"/>
        <line num="245" count="9" type="cond" truecount="4" falsecount="1"/>
        <line num="246" count="8" type="stmt"/>
        <line num="247" count="8" type="stmt"/>
        <line num="249" count="9" type="cond" truecount="5" falsecount="0"/>
        <line num="250" count="7" type="stmt"/>
        <line num="251" count="7" type="stmt"/>
        <line num="254" count="9" type="cond" truecount="2" falsecount="0"/>
        <line num="255" count="1" type="stmt"/>
        <line num="256" count="1" type="stmt"/>
        <line num="257" count="8" type="cond" truecount="2" falsecount="0"/>
        <line num="258" count="1" type="stmt"/>
        <line num="259" count="1" type="stmt"/>
        <line num="260" count="7" type="cond" truecount="2" falsecount="0"/>
        <line num="261" count="1" type="stmt"/>
        <line num="262" count="1" type="stmt"/>
        <line num="265" count="9" type="cond" truecount="4" falsecount="0"/>
        <line num="267" count="2" type="stmt"/>
        <line num="268" count="2" type="stmt"/>
        <line num="269" count="2" type="stmt"/>
        <line num="272" count="9" type="cond" truecount="2" falsecount="0"/>
        <line num="273" count="1" type="stmt"/>
        <line num="274" count="1" type="stmt"/>
        <line num="277" count="9" type="stmt"/>
        <line num="278" count="1" type="cond" truecount="2" falsecount="0"/>
        <line num="282" count="9" type="cond" truecount="2" falsecount="0"/>
        <line num="283" count="1" type="cond" truecount="2" falsecount="2"/>
        <line num="284" count="1" type="stmt"/>
        <line num="285" count="1" type="stmt"/>
        <line num="287" count="1" type="cond" truecount="2" falsecount="2"/>
        <line num="288" count="1" type="cond" truecount="1" falsecount="1"/>
        <line num="289" count="1" type="stmt"/>
        <line num="290" count="1" type="stmt"/>
        <line num="293" count="1" type="cond" truecount="2" falsecount="3"/>
        <line num="294" count="1" type="stmt"/>
        <line num="295" count="1" type="stmt"/>
        <line num="297" count="1" type="cond" truecount="3" falsecount="2"/>
        <line num="298" count="1" type="stmt"/>
        <line num="299" count="1" type="stmt"/>
        <line num="302" count="8" type="cond" truecount="2" falsecount="0"/>
        <line num="303" count="6" type="stmt"/>
        <line num="304" count="6" type="stmt"/>
        <line num="306" count="8" type="cond" truecount="1" falsecount="1"/>
        <line num="307" count="8" type="stmt"/>
        <line num="308" count="8" type="stmt"/>
        <line num="310" count="8" type="cond" truecount="1" falsecount="1"/>
        <line num="311" count="8" type="cond" truecount="1" falsecount="1"/>
        <line num="312" count="8" type="stmt"/>
        <line num="316" count="9" type="cond" truecount="1" falsecount="1"/>
        <line num="317" count="9" type="stmt"/>
        <line num="321" count="9" type="stmt"/>
        <line num="322" count="9" type="cond" truecount="2" falsecount="0"/>
        <line num="323" count="1" type="stmt"/>
        <line num="324" count="1" type="stmt"/>
        <line num="328" count="9" type="stmt"/>
        <line num="329" count="9" type="cond" truecount="2" falsecount="0"/>
        <line num="330" count="1" type="stmt"/>
        <line num="331" count="1" type="stmt"/>
        <line num="334" count="9" type="stmt"/>
        <line num="337" count="7" type="stmt"/>
        <line num="345" count="1" type="stmt"/>
        <line num="346" count="3" type="stmt"/>
        <line num="347" count="6" type="cond" truecount="2" falsecount="0"/>
        <line num="348" count="6" type="cond" truecount="2" falsecount="0"/>
        <line num="349" count="6" type="stmt"/>
        <line num="351" count="3" type="stmt"/>
        <line num="352" count="7" type="stmt"/>
      </file>
    </package>
  </project>
</coverage>
