{"C:\\Projetos\\biblios\\src\\utils\\dataUtils.js": {"path":"C:\\Projetos\\biblios\\src\\utils\\dataUtils.js","statementMap":{"0":{"start":{"line":4,"column":13},"end":{"line":12,"column":null}},"1":{"start":{"line":5,"column":2},"end":{"line":5,"column":null}},"2":{"start":{"line":5,"column":41},"end":{"line":5,"column":null}},"3":{"start":{"line":6,"column":12},"end":{"line":6,"column":null}},"4":{"start":{"line":7,"column":2},"end":{"line":10,"column":null}},"5":{"start":{"line":8,"column":4},"end":{"line":8,"column":null}},"6":{"start":{"line":9,"column":4},"end":{"line":9,"column":null}},"7":{"start":{"line":11,"column":2},"end":{"line":11,"column":null}},"8":{"start":{"line":17,"column":13},"end":{"line":51,"column":null}},"9":{"start":{"line":18,"column":16},"end":{"line":18,"column":null}},"10":{"start":{"line":19,"column":12},"end":{"line":19,"column":null}},"11":{"start":{"line":20,"column":17},"end":{"line":20,"column":null}},"12":{"start":{"line":22,"column":2},"end":{"line":46,"column":null}},"13":{"start":{"line":22,"column":15},"end":{"line":22,"column":18}},"14":{"start":{"line":23,"column":17},"end":{"line":23,"column":null}},"15":{"start":{"line":24,"column":21},"end":{"line":24,"column":null}},"16":{"start":{"line":26,"column":4},"end":{"line":45,"column":null}},"17":{"start":{"line":27,"column":6},"end":{"line":32,"column":null}},"18":{"start":{"line":28,"column":8},"end":{"line":28,"column":null}},"19":{"start":{"line":29,"column":8},"end":{"line":29,"column":null}},"20":{"start":{"line":31,"column":8},"end":{"line":31,"column":null}},"21":{"start":{"line":33,"column":11},"end":{"line":45,"column":null}},"22":{"start":{"line":34,"column":6},"end":{"line":34,"column":null}},"23":{"start":{"line":35,"column":11},"end":{"line":45,"column":null}},"24":{"start":{"line":36,"column":6},"end":{"line":38,"column":null}},"25":{"start":{"line":37,"column":8},"end":{"line":37,"column":null}},"26":{"start":{"line":39,"column":6},"end":{"line":41,"column":null}},"27":{"start":{"line":40,"column":8},"end":{"line":40,"column":null}},"28":{"start":{"line":42,"column":6},"end":{"line":42,"column":null}},"29":{"start":{"line":44,"column":6},"end":{"line":44,"column":null}},"30":{"start":{"line":47,"column":2},"end":{"line":49,"column":null}},"31":{"start":{"line":48,"column":4},"end":{"line":48,"column":null}},"32":{"start":{"line":50,"column":2},"end":{"line":50,"column":null}},"33":{"start":{"line":56,"column":13},"end":{"line":86,"column":null}},"34":{"start":{"line":57,"column":2},"end":{"line":57,"column":null}},"35":{"start":{"line":57,"column":23},"end":{"line":57,"column":null}},"36":{"start":{"line":59,"column":18},"end":{"line":59,"column":null}},"37":{"start":{"line":59,"column":35},"end":{"line":59,"column":57}},"38":{"start":{"line":60,"column":18},"end":{"line":70,"column":null}},"39":{"start":{"line":72,"column":2},"end":{"line":85,"column":null}},"40":{"start":{"line":73,"column":19},"end":{"line":73,"column":119}},"41":{"start":{"line":74,"column":24},"end":{"line":85,"column":6}},"42":{"start":{"line":91,"column":13},"end":{"line":164,"column":null}},"43":{"start":{"line":92,"column":20},"end":{"line":92,"column":null}},"44":{"start":{"line":93,"column":19},"end":{"line":161,"column":null}},"45":{"start":{"line":94,"column":20},"end":{"line":94,"column":null}},"46":{"start":{"line":95,"column":20},"end":{"line":95,"column":null}},"47":{"start":{"line":97,"column":4},"end":{"line":106,"column":null}},"48":{"start":{"line":98,"column":6},"end":{"line":98,"column":null}},"49":{"start":{"line":99,"column":6},"end":{"line":99,"column":null}},"50":{"start":{"line":100,"column":11},"end":{"line":106,"column":null}},"51":{"start":{"line":101,"column":6},"end":{"line":101,"column":null}},"52":{"start":{"line":102,"column":6},"end":{"line":102,"column":null}},"53":{"start":{"line":103,"column":11},"end":{"line":106,"column":null}},"54":{"start":{"line":104,"column":6},"end":{"line":104,"column":null}},"55":{"start":{"line":105,"column":6},"end":{"line":105,"column":null}},"56":{"start":{"line":108,"column":4},"end":{"line":111,"column":null}},"57":{"start":{"line":109,"column":6},"end":{"line":109,"column":null}},"58":{"start":{"line":110,"column":6},"end":{"line":110,"column":null}},"59":{"start":{"line":113,"column":4},"end":{"line":116,"column":null}},"60":{"start":{"line":114,"column":6},"end":{"line":114,"column":null}},"61":{"start":{"line":115,"column":6},"end":{"line":115,"column":null}},"62":{"start":{"line":118,"column":24},"end":{"line":121,"column":null}},"63":{"start":{"line":119,"column":6},"end":{"line":120,"column":null}},"64":{"start":{"line":123,"column":4},"end":{"line":155,"column":null}},"65":{"start":{"line":124,"column":6},"end":{"line":127,"column":null}},"66":{"start":{"line":125,"column":8},"end":{"line":125,"column":null}},"67":{"start":{"line":126,"column":8},"end":{"line":126,"column":null}},"68":{"start":{"line":128,"column":6},"end":{"line":133,"column":null}},"69":{"start":{"line":129,"column":8},"end":{"line":132,"column":null}},"70":{"start":{"line":130,"column":10},"end":{"line":130,"column":null}},"71":{"start":{"line":131,"column":10},"end":{"line":131,"column":null}},"72":{"start":{"line":134,"column":6},"end":{"line":137,"column":null}},"73":{"start":{"line":135,"column":8},"end":{"line":135,"column":null}},"74":{"start":{"line":136,"column":8},"end":{"line":136,"column":null}},"75":{"start":{"line":138,"column":6},"end":{"line":141,"column":null}},"76":{"start":{"line":139,"column":8},"end":{"line":139,"column":null}},"77":{"start":{"line":140,"column":8},"end":{"line":140,"column":null}},"78":{"start":{"line":143,"column":6},"end":{"line":146,"column":null}},"79":{"start":{"line":144,"column":8},"end":{"line":144,"column":null}},"80":{"start":{"line":145,"column":8},"end":{"line":145,"column":null}},"81":{"start":{"line":147,"column":6},"end":{"line":150,"column":null}},"82":{"start":{"line":148,"column":8},"end":{"line":148,"column":null}},"83":{"start":{"line":149,"column":8},"end":{"line":149,"column":null}},"84":{"start":{"line":151,"column":6},"end":{"line":154,"column":null}},"85":{"start":{"line":152,"column":8},"end":{"line":152,"column":null}},"86":{"start":{"line":153,"column":8},"end":{"line":153,"column":null}},"87":{"start":{"line":157,"column":4},"end":{"line":159,"column":null}},"88":{"start":{"line":158,"column":6},"end":{"line":158,"column":null}},"89":{"start":{"line":160,"column":4},"end":{"line":160,"column":null}},"90":{"start":{"line":163,"column":2},"end":{"line":163,"column":null}}},"fnMap":{"0":{"name":"(anonymous_0)","decl":{"start":{"line":4,"column":13},"end":{"line":4,"column":31}},"loc":{"start":{"line":4,"column":39},"end":{"line":12,"column":null}},"line":4},"1":{"name":"(anonymous_1)","decl":{"start":{"line":17,"column":13},"end":{"line":17,"column":29}},"loc":{"start":{"line":17,"column":38},"end":{"line":51,"column":null}},"line":17},"2":{"name":"(anonymous_2)","decl":{"start":{"line":56,"column":13},"end":{"line":56,"column":30}},"loc":{"start":{"line":56,"column":39},"end":{"line":86,"column":null}},"line":56},"3":{"name":"(anonymous_3)","decl":{"start":{"line":59,"column":26},"end":{"line":59,"column":30}},"loc":{"start":{"line":59,"column":35},"end":{"line":59,"column":57}},"line":59},"4":{"name":"(anonymous_4)","decl":{"start":{"line":73,"column":5},"end":{"line":73,"column":12}},"loc":{"start":{"line":73,"column":19},"end":{"line":73,"column":119}},"line":73},"5":{"name":"(anonymous_5)","decl":{"start":{"line":74,"column":5},"end":{"line":74,"column":10}},"loc":{"start":{"line":74,"column":24},"end":{"line":85,"column":6}},"line":74},"6":{"name":"(anonymous_6)","decl":{"start":{"line":91,"column":13},"end":{"line":91,"column":32}},"loc":{"start":{"line":91,"column":63},"end":{"line":164,"column":null}},"line":91},"7":{"name":"(anonymous_7)","decl":{"start":{"line":93,"column":31},"end":{"line":93,"column":35}},"loc":{"start":{"line":93,"column":40},"end":{"line":161,"column":3}},"line":93},"8":{"name":"(anonymous_8)","decl":{"start":{"line":118,"column":38},"end":{"line":118,"column":43}},"loc":{"start":{"line":119,"column":6},"end":{"line":120,"column":null}},"line":119}},"branchMap":{"0":{"loc":{"start":{"line":5,"column":2},"end":{"line":5,"column":null}},"type":"if","locations":[{"start":{"line":5,"column":2},"end":{"line":5,"column":null}},{"start":{},"end":{}}],"line":5},"1":{"loc":{"start":{"line":5,"column":6},"end":{"line":5,"column":41}},"type":"binary-expr","locations":[{"start":{"line":5,"column":6},"end":{"line":5,"column":22}},{"start":{"line":5,"column":22},"end":{"line":5,"column":41}}],"line":5},"2":{"loc":{"start":{"line":7,"column":2},"end":{"line":10,"column":null}},"type":"if","locations":[{"start":{"line":7,"column":2},"end":{"line":10,"column":null}},{"start":{},"end":{}}],"line":7},"3":{"loc":{"start":{"line":7,"column":6},"end":{"line":7,"column":90}},"type":"binary-expr","locations":[{"start":{"line":7,"column":6},"end":{"line":7,"column":27}},{"start":{"line":7,"column":27},"end":{"line":7,"column":48}},{"start":{"line":7,"column":48},"end":{"line":7,"column":70}},{"start":{"line":7,"column":70},"end":{"line":7,"column":90}}],"line":7},"4":{"loc":{"start":{"line":26,"column":4},"end":{"line":45,"column":null}},"type":"if","locations":[{"start":{"line":26,"column":4},"end":{"line":45,"column":null}},{"start":{"line":33,"column":11},"end":{"line":45,"column":null}}],"line":26},"5":{"loc":{"start":{"line":27,"column":6},"end":{"line":32,"column":null}},"type":"if","locations":[{"start":{"line":27,"column":6},"end":{"line":32,"column":null}},{"start":{"line":30,"column":13},"end":{"line":32,"column":null}}],"line":27},"6":{"loc":{"start":{"line":27,"column":10},"end":{"line":27,"column":40}},"type":"binary-expr","locations":[{"start":{"line":27,"column":10},"end":{"line":27,"column":22}},{"start":{"line":27,"column":22},"end":{"line":27,"column":40}}],"line":27},"7":{"loc":{"start":{"line":33,"column":11},"end":{"line":45,"column":null}},"type":"if","locations":[{"start":{"line":33,"column":11},"end":{"line":45,"column":null}},{"start":{"line":35,"column":11},"end":{"line":45,"column":null}}],"line":33},"8":{"loc":{"start":{"line":33,"column":15},"end":{"line":33,"column":42}},"type":"binary-expr","locations":[{"start":{"line":33,"column":15},"end":{"line":33,"column":31}},{"start":{"line":33,"column":31},"end":{"line":33,"column":42}}],"line":33},"9":{"loc":{"start":{"line":35,"column":11},"end":{"line":45,"column":null}},"type":"if","locations":[{"start":{"line":35,"column":11},"end":{"line":45,"column":null}},{"start":{"line":43,"column":11},"end":{"line":45,"column":null}}],"line":35},"10":{"loc":{"start":{"line":35,"column":11},"end":{"line":35,"column":62}},"type":"binary-expr","locations":[{"start":{"line":35,"column":16},"end":{"line":35,"column":33}},{"start":{"line":35,"column":33},"end":{"line":35,"column":51}},{"start":{"line":35,"column":51},"end":{"line":35,"column":62}}],"line":35},"11":{"loc":{"start":{"line":36,"column":6},"end":{"line":38,"column":null}},"type":"if","locations":[{"start":{"line":36,"column":6},"end":{"line":38,"column":null}},{"start":{},"end":{}}],"line":36},"12":{"loc":{"start":{"line":36,"column":10},"end":{"line":36,"column":46}},"type":"binary-expr","locations":[{"start":{"line":36,"column":10},"end":{"line":36,"column":27}},{"start":{"line":36,"column":27},"end":{"line":36,"column":46}}],"line":36},"13":{"loc":{"start":{"line":39,"column":6},"end":{"line":41,"column":null}},"type":"if","locations":[{"start":{"line":39,"column":6},"end":{"line":41,"column":null}},{"start":{},"end":{}}],"line":39},"14":{"loc":{"start":{"line":39,"column":10},"end":{"line":39,"column":43}},"type":"binary-expr","locations":[{"start":{"line":39,"column":10},"end":{"line":39,"column":28}},{"start":{"line":39,"column":28},"end":{"line":39,"column":43}}],"line":39},"15":{"loc":{"start":{"line":47,"column":2},"end":{"line":49,"column":null}},"type":"if","locations":[{"start":{"line":47,"column":2},"end":{"line":49,"column":null}},{"start":{},"end":{}}],"line":47},"16":{"loc":{"start":{"line":47,"column":6},"end":{"line":47,"column":39}},"type":"binary-expr","locations":[{"start":{"line":47,"column":6},"end":{"line":47,"column":24}},{"start":{"line":47,"column":24},"end":{"line":47,"column":39}}],"line":47},"17":{"loc":{"start":{"line":57,"column":2},"end":{"line":57,"column":null}},"type":"if","locations":[{"start":{"line":57,"column":2},"end":{"line":57,"column":null}},{"start":{},"end":{}}],"line":57},"18":{"loc":{"start":{"line":73,"column":19},"end":{"line":73,"column":119}},"type":"binary-expr","locations":[{"start":{"line":73,"column":19},"end":{"line":73,"column":41}},{"start":{"line":73,"column":41},"end":{"line":73,"column":70}},{"start":{"line":73,"column":70},"end":{"line":73,"column":93}},{"start":{"line":73,"column":93},"end":{"line":73,"column":119}}],"line":73},"19":{"loc":{"start":{"line":76,"column":13},"end":{"line":76,"column":null}},"type":"binary-expr","locations":[{"start":{"line":76,"column":13},"end":{"line":76,"column":43}},{"start":{"line":76,"column":43},"end":{"line":76,"column":null}}],"line":76},"20":{"loc":{"start":{"line":77,"column":14},"end":{"line":77,"column":null}},"type":"binary-expr","locations":[{"start":{"line":77,"column":14},"end":{"line":77,"column":45}},{"start":{"line":77,"column":45},"end":{"line":77,"column":null}}],"line":77},"21":{"loc":{"start":{"line":78,"column":12},"end":{"line":78,"column":null}},"type":"cond-expr","locations":[{"start":{"line":78,"column":34},"end":{"line":78,"column":68}},{"start":{"line":78,"column":68},"end":{"line":78,"column":null}}],"line":78},"22":{"loc":{"start":{"line":78,"column":34},"end":{"line":78,"column":68}},"type":"binary-expr","locations":[{"start":{"line":78,"column":34},"end":{"line":78,"column":63}},{"start":{"line":78,"column":63},"end":{"line":78,"column":68}}],"line":78},"23":{"loc":{"start":{"line":79,"column":15},"end":{"line":79,"column":null}},"type":"cond-expr","locations":[{"start":{"line":79,"column":40},"end":{"line":79,"column":77}},{"start":{"line":79,"column":77},"end":{"line":79,"column":null}}],"line":79},"24":{"loc":{"start":{"line":79,"column":40},"end":{"line":79,"column":77}},"type":"binary-expr","locations":[{"start":{"line":79,"column":40},"end":{"line":79,"column":72}},{"start":{"line":79,"column":72},"end":{"line":79,"column":77}}],"line":79},"25":{"loc":{"start":{"line":80,"column":17},"end":{"line":80,"column":null}},"type":"cond-expr","locations":[{"start":{"line":80,"column":44},"end":{"line":80,"column":83}},{"start":{"line":80,"column":83},"end":{"line":80,"column":null}}],"line":80},"26":{"loc":{"start":{"line":80,"column":44},"end":{"line":80,"column":83}},"type":"binary-expr","locations":[{"start":{"line":80,"column":44},"end":{"line":80,"column":78}},{"start":{"line":80,"column":78},"end":{"line":80,"column":83}}],"line":80},"27":{"loc":{"start":{"line":81,"column":12},"end":{"line":81,"column":null}},"type":"cond-expr","locations":[{"start":{"line":81,"column":35},"end":{"line":81,"column":119}},{"start":{"line":81,"column":119},"end":{"line":81,"column":null}}],"line":81},"28":{"loc":{"start":{"line":81,"column":35},"end":{"line":81,"column":119}},"type":"binary-expr","locations":[{"start":{"line":81,"column":35},"end":{"line":81,"column":72}},{"start":{"line":81,"column":72},"end":{"line":81,"column":119}}],"line":81},"29":{"loc":{"start":{"line":82,"column":24},"end":{"line":82,"column":null}},"type":"cond-expr","locations":[{"start":{"line":82,"column":46},"end":{"line":82,"column":87}},{"start":{"line":82,"column":87},"end":{"line":82,"column":null}}],"line":82},"30":{"loc":{"start":{"line":82,"column":46},"end":{"line":82,"column":87}},"type":"binary-expr","locations":[{"start":{"line":82,"column":46},"end":{"line":82,"column":75}},{"start":{"line":82,"column":75},"end":{"line":82,"column":87}}],"line":82},"31":{"loc":{"start":{"line":83,"column":13},"end":{"line":83,"column":null}},"type":"cond-expr","locations":[{"start":{"line":83,"column":36},"end":{"line":83,"column":78}},{"start":{"line":83,"column":78},"end":{"line":83,"column":null}}],"line":83},"32":{"loc":{"start":{"line":83,"column":36},"end":{"line":83,"column":78}},"type":"binary-expr","locations":[{"start":{"line":83,"column":36},"end":{"line":83,"column":72}},{"start":{"line":83,"column":72},"end":{"line":83,"column":78}}],"line":83},"33":{"loc":{"start":{"line":84,"column":19},"end":{"line":84,"column":null}},"type":"cond-expr","locations":[{"start":{"line":84,"column":41},"end":{"line":84,"column":75}},{"start":{"line":84,"column":75},"end":{"line":84,"column":null}}],"line":84},"34":{"loc":{"start":{"line":84,"column":41},"end":{"line":84,"column":75}},"type":"binary-expr","locations":[{"start":{"line":84,"column":41},"end":{"line":84,"column":70}},{"start":{"line":84,"column":70},"end":{"line":84,"column":75}}],"line":84},"35":{"loc":{"start":{"line":97,"column":4},"end":{"line":106,"column":null}},"type":"if","locations":[{"start":{"line":97,"column":4},"end":{"line":106,"column":null}},{"start":{"line":100,"column":11},"end":{"line":106,"column":null}}],"line":97},"36":{"loc":{"start":{"line":100,"column":11},"end":{"line":106,"column":null}},"type":"if","locations":[{"start":{"line":100,"column":11},"end":{"line":106,"column":null}},{"start":{"line":103,"column":11},"end":{"line":106,"column":null}}],"line":100},"37":{"loc":{"start":{"line":103,"column":11},"end":{"line":106,"column":null}},"type":"if","locations":[{"start":{"line":103,"column":11},"end":{"line":106,"column":null}},{"start":{},"end":{}}],"line":103},"38":{"loc":{"start":{"line":108,"column":4},"end":{"line":111,"column":null}},"type":"if","locations":[{"start":{"line":108,"column":4},"end":{"line":111,"column":null}},{"start":{},"end":{}}],"line":108},"39":{"loc":{"start":{"line":108,"column":8},"end":{"line":108,"column":108}},"type":"binary-expr","locations":[{"start":{"line":108,"column":8},"end":{"line":108,"column":73}},{"start":{"line":108,"column":73},"end":{"line":108,"column":108}}],"line":108},"40":{"loc":{"start":{"line":113,"column":4},"end":{"line":116,"column":null}},"type":"if","locations":[{"start":{"line":113,"column":4},"end":{"line":116,"column":null}},{"start":{},"end":{}}],"line":113},"41":{"loc":{"start":{"line":119,"column":6},"end":{"line":120,"column":null}},"type":"binary-expr","locations":[{"start":{"line":119,"column":6},"end":{"line":119,"column":null}},{"start":{"line":120,"column":6},"end":{"line":120,"column":null}}],"line":119},"42":{"loc":{"start":{"line":123,"column":4},"end":{"line":155,"column":null}},"type":"if","locations":[{"start":{"line":123,"column":4},"end":{"line":155,"column":null}},{"start":{"line":142,"column":11},"end":{"line":155,"column":null}}],"line":123},"43":{"loc":{"start":{"line":124,"column":6},"end":{"line":127,"column":null}},"type":"if","locations":[{"start":{"line":124,"column":6},"end":{"line":127,"column":null}},{"start":{},"end":{}}],"line":124},"44":{"loc":{"start":{"line":124,"column":10},"end":{"line":124,"column":94}},"type":"binary-expr","locations":[{"start":{"line":124,"column":10},"end":{"line":124,"column":35}},{"start":{"line":124,"column":35},"end":{"line":124,"column":94}}],"line":124},"45":{"loc":{"start":{"line":128,"column":6},"end":{"line":133,"column":null}},"type":"if","locations":[{"start":{"line":128,"column":6},"end":{"line":133,"column":null}},{"start":{},"end":{}}],"line":128},"46":{"loc":{"start":{"line":128,"column":10},"end":{"line":128,"column":80}},"type":"binary-expr","locations":[{"start":{"line":128,"column":10},"end":{"line":128,"column":46}},{"start":{"line":128,"column":46},"end":{"line":128,"column":80}}],"line":128},"47":{"loc":{"start":{"line":129,"column":8},"end":{"line":132,"column":null}},"type":"if","locations":[{"start":{"line":129,"column":8},"end":{"line":132,"column":null}},{"start":{},"end":{}}],"line":129},"48":{"loc":{"start":{"line":134,"column":6},"end":{"line":137,"column":null}},"type":"if","locations":[{"start":{"line":134,"column":6},"end":{"line":137,"column":null}},{"start":{},"end":{}}],"line":134},"49":{"loc":{"start":{"line":134,"column":10},"end":{"line":134,"column":108}},"type":"binary-expr","locations":[{"start":{"line":134,"column":10},"end":{"line":134,"column":41}},{"start":{"line":134,"column":41},"end":{"line":134,"column":65}},{"start":{"line":134,"column":65},"end":{"line":134,"column":108}}],"line":134},"50":{"loc":{"start":{"line":138,"column":6},"end":{"line":141,"column":null}},"type":"if","locations":[{"start":{"line":138,"column":6},"end":{"line":141,"column":null}},{"start":{},"end":{}}],"line":138},"51":{"loc":{"start":{"line":138,"column":6},"end":{"line":138,"column":81}},"type":"binary-expr","locations":[{"start":{"line":138,"column":11},"end":{"line":138,"column":32}},{"start":{"line":138,"column":32},"end":{"line":138,"column":52}},{"start":{"line":138,"column":52},"end":{"line":138,"column":81}}],"line":138},"52":{"loc":{"start":{"line":143,"column":6},"end":{"line":146,"column":null}},"type":"if","locations":[{"start":{"line":143,"column":6},"end":{"line":146,"column":null}},{"start":{},"end":{}}],"line":143},"53":{"loc":{"start":{"line":147,"column":6},"end":{"line":150,"column":null}},"type":"if","locations":[{"start":{"line":147,"column":6},"end":{"line":150,"column":null}},{"start":{},"end":{}}],"line":147},"54":{"loc":{"start":{"line":151,"column":6},"end":{"line":154,"column":null}},"type":"if","locations":[{"start":{"line":151,"column":6},"end":{"line":154,"column":null}},{"start":{},"end":{}}],"line":151},"55":{"loc":{"start":{"line":152,"column":45},"end":{"line":152,"column":77}},"type":"binary-expr","locations":[{"start":{"line":152,"column":45},"end":{"line":152,"column":58}},{"start":{"line":152,"column":58},"end":{"line":152,"column":77}}],"line":152},"56":{"loc":{"start":{"line":157,"column":4},"end":{"line":159,"column":null}},"type":"if","locations":[{"start":{"line":157,"column":4},"end":{"line":159,"column":null}},{"start":{},"end":{}}],"line":157}},"s":{"0":1,"1":5,"2":2,"3":3,"4":3,"5":2,"6":2,"7":1,"8":1,"9":4,"10":4,"11":4,"12":4,"13":4,"14":146,"15":146,"16":146,"17":6,"18":2,"19":2,"20":4,"21":140,"22":10,"23":130,"24":6,"25":2,"26":6,"27":6,"28":6,"29":124,"30":4,"31":4,"32":4,"33":1,"34":2,"35":0,"36":2,"37":11,"38":2,"39":2,"40":4,"41":2,"42":1,"43":5,"44":5,"45":7,"46":7,"47":7,"48":1,"49":1,"50":6,"51":1,"52":1,"53":5,"54":1,"55":1,"56":7,"57":2,"58":2,"59":7,"60":1,"61":1,"62":7,"63":1,"64":7,"65":1,"66":1,"67":1,"68":1,"69":1,"70":1,"71":1,"72":1,"73":1,"74":1,"75":1,"76":1,"77":1,"78":6,"79":6,"80":6,"81":6,"82":6,"83":6,"84":6,"85":6,"86":6,"87":7,"88":7,"89":7,"90":5},"f":{"0":5,"1":4,"2":2,"3":11,"4":4,"5":2,"6":5,"7":7,"8":1},"b":{"0":[2,3],"1":[5,4],"2":[2,1],"3":[3,2,1,1],"4":[6,140],"5":[2,4],"6":[6,4],"7":[10,130],"8":[140,11],"9":[6,124],"10":[130,128,6],"11":[2,4],"12":[6,2],"13":[6,0],"14":[6,0],"15":[4,0],"16":[4,0],"17":[0,2],"18":[4,3,3,2],"19":[2,0],"20":[2,0],"21":[1,1],"22":[1,0],"23":[1,1],"24":[1,0],"25":[1,1],"26":[1,0],"27":[1,1],"28":[1,0],"29":[1,1],"30":[1,0],"31":[1,1],"32":[1,0],"33":[1,1],"34":[1,0],"35":[1,6],"36":[1,5],"37":[1,4],"38":[2,5],"39":[7,2],"40":[1,6],"41":[1,1],"42":[1,6],"43":[1,0],"44":[1,0],"45":[1,0],"46":[1,0],"47":[1,0],"48":[1,0],"49":[1,0,0],"50":[1,0],"51":[1,0,1],"52":[6,0],"53":[6,0],"54":[6,0],"55":[6,0],"56":[7,0]},"meta":{"lastBranch":57,"lastFunction":9,"lastStatement":91,"seen":{"s:4:13:12:Infinity":0,"f:4:13:4:31":0,"b:5:2:5:Infinity:undefined:undefined:undefined:undefined":0,"s:5:2:5:Infinity":1,"b:5:6:5:22:5:22:5:41":1,"s:5:41:5:Infinity":2,"s:6:12:6:Infinity":3,"b:7:2:10:Infinity:undefined:undefined:undefined:undefined":2,"s:7:2:10:Infinity":4,"b:7:6:7:27:7:27:7:48:7:48:7:70:7:70:7:90":3,"s:8:4:8:Infinity":5,"s:9:4:9:Infinity":6,"s:11:2:11:Infinity":7,"s:17:13:51:Infinity":8,"f:17:13:17:29":1,"s:18:16:18:Infinity":9,"s:19:12:19:Infinity":10,"s:20:17:20:Infinity":11,"s:22:2:46:Infinity":12,"s:22:15:22:18":13,"s:23:17:23:Infinity":14,"s:24:21:24:Infinity":15,"b:26:4:45:Infinity:33:11:45:Infinity":4,"s:26:4:45:Infinity":16,"b:27:6:32:Infinity:30:13:32:Infinity":5,"s:27:6:32:Infinity":17,"b:27:10:27:22:27:22:27:40":6,"s:28:8:28:Infinity":18,"s:29:8:29:Infinity":19,"s:31:8:31:Infinity":20,"b:33:11:45:Infinity:35:11:45:Infinity":7,"s:33:11:45:Infinity":21,"b:33:15:33:31:33:31:33:42":8,"s:34:6:34:Infinity":22,"b:35:11:45:Infinity:43:11:45:Infinity":9,"s:35:11:45:Infinity":23,"b:35:16:35:33:35:33:35:51:35:51:35:62":10,"b:36:6:38:Infinity:undefined:undefined:undefined:undefined":11,"s:36:6:38:Infinity":24,"b:36:10:36:27:36:27:36:46":12,"s:37:8:37:Infinity":25,"b:39:6:41:Infinity:undefined:undefined:undefined:undefined":13,"s:39:6:41:Infinity":26,"b:39:10:39:28:39:28:39:43":14,"s:40:8:40:Infinity":27,"s:42:6:42:Infinity":28,"s:44:6:44:Infinity":29,"b:47:2:49:Infinity:undefined:undefined:undefined:undefined":15,"s:47:2:49:Infinity":30,"b:47:6:47:24:47:24:47:39":16,"s:48:4:48:Infinity":31,"s:50:2:50:Infinity":32,"s:56:13:86:Infinity":33,"f:56:13:56:30":2,"b:57:2:57:Infinity:undefined:undefined:undefined:undefined":17,"s:57:2:57:Infinity":34,"s:57:23:57:Infinity":35,"s:59:18:59:Infinity":36,"f:59:26:59:30":3,"s:59:35:59:57":37,"s:60:18:70:Infinity":38,"s:72:2:85:Infinity":39,"f:73:5:73:12":4,"s:73:19:73:119":40,"b:73:19:73:41:73:41:73:70:73:70:73:93:73:93:73:119":18,"f:74:5:74:10":5,"s:74:24:85:6":41,"b:76:13:76:43:76:43:76:Infinity":19,"b:77:14:77:45:77:45:77:Infinity":20,"b:78:34:78:68:78:68:78:Infinity":21,"b:78:34:78:63:78:63:78:68":22,"b:79:40:79:77:79:77:79:Infinity":23,"b:79:40:79:72:79:72:79:77":24,"b:80:44:80:83:80:83:80:Infinity":25,"b:80:44:80:78:80:78:80:83":26,"b:81:35:81:119:81:119:81:Infinity":27,"b:81:35:81:72:81:72:81:119":28,"b:82:46:82:87:82:87:82:Infinity":29,"b:82:46:82:75:82:75:82:87":30,"b:83:36:83:78:83:78:83:Infinity":31,"b:83:36:83:72:83:72:83:78":32,"b:84:41:84:75:84:75:84:Infinity":33,"b:84:41:84:70:84:70:84:75":34,"s:91:13:164:Infinity":42,"f:91:13:91:32":6,"s:92:20:92:Infinity":43,"s:93:19:161:Infinity":44,"f:93:31:93:35":7,"s:94:20:94:Infinity":45,"s:95:20:95:Infinity":46,"b:97:4:106:Infinity:100:11:106:Infinity":35,"s:97:4:106:Infinity":47,"s:98:6:98:Infinity":48,"s:99:6:99:Infinity":49,"b:100:11:106:Infinity:103:11:106:Infinity":36,"s:100:11:106:Infinity":50,"s:101:6:101:Infinity":51,"s:102:6:102:Infinity":52,"b:103:11:106:Infinity:undefined:undefined:undefined:undefined":37,"s:103:11:106:Infinity":53,"s:104:6:104:Infinity":54,"s:105:6:105:Infinity":55,"b:108:4:111:Infinity:undefined:undefined:undefined:undefined":38,"s:108:4:111:Infinity":56,"b:108:8:108:73:108:73:108:108":39,"s:109:6:109:Infinity":57,"s:110:6:110:Infinity":58,"b:113:4:116:Infinity:undefined:undefined:undefined:undefined":40,"s:113:4:116:Infinity":59,"s:114:6:114:Infinity":60,"s:115:6:115:Infinity":61,"s:118:24:121:Infinity":62,"f:118:38:118:43":8,"s:119:6:120:Infinity":63,"b:119:6:119:Infinity:120:6:120:Infinity":41,"b:123:4:155:Infinity:142:11:155:Infinity":42,"s:123:4:155:Infinity":64,"b:124:6:127:Infinity:undefined:undefined:undefined:undefined":43,"s:124:6:127:Infinity":65,"b:124:10:124:35:124:35:124:94":44,"s:125:8:125:Infinity":66,"s:126:8:126:Infinity":67,"b:128:6:133:Infinity:undefined:undefined:undefined:undefined":45,"s:128:6:133:Infinity":68,"b:128:10:128:46:128:46:128:80":46,"b:129:8:132:Infinity:undefined:undefined:undefined:undefined":47,"s:129:8:132:Infinity":69,"s:130:10:130:Infinity":70,"s:131:10:131:Infinity":71,"b:134:6:137:Infinity:undefined:undefined:undefined:undefined":48,"s:134:6:137:Infinity":72,"b:134:10:134:41:134:41:134:65:134:65:134:108":49,"s:135:8:135:Infinity":73,"s:136:8:136:Infinity":74,"b:138:6:141:Infinity:undefined:undefined:undefined:undefined":50,"s:138:6:141:Infinity":75,"b:138:11:138:32:138:32:138:52:138:52:138:81":51,"s:139:8:139:Infinity":76,"s:140:8:140:Infinity":77,"b:143:6:146:Infinity:undefined:undefined:undefined:undefined":52,"s:143:6:146:Infinity":78,"s:144:8:144:Infinity":79,"s:145:8:145:Infinity":80,"b:147:6:150:Infinity:undefined:undefined:undefined:undefined":53,"s:147:6:150:Infinity":81,"s:148:8:148:Infinity":82,"s:149:8:149:Infinity":83,"b:151:6:154:Infinity:undefined:undefined:undefined:undefined":54,"s:151:6:154:Infinity":84,"s:152:8:152:Infinity":85,"b:152:45:152:58:152:58:152:77":55,"s:153:8:153:Infinity":86,"b:157:4:159:Infinity:undefined:undefined:undefined:undefined":56,"s:157:4:159:Infinity":87,"s:158:6:158:Infinity":88,"s:160:4:160:Infinity":89,"s:163:2:163:Infinity":90}}}
}
