{"/Users/leonardo/books/un-geoscheme-subregions-countries.json": {"path":"/Users/leonardo/books/un-geoscheme-subregions-countries.json","statementMap":{"0":{"start":{"line":1,"column":18},"end":{"line":1,"column":824}},"1":{"start":{"line":2,"column":18},"end":{"line":2,"column":255}},"2":{"start":{"line":3,"column":18},"end":{"line":3,"column":753}},"3":{"start":{"line":4,"column":18},"end":{"line":4,"column":769}},"4":{"start":{"line":5,"column":18},"end":{"line":5,"column":804}},"5":{"start":{"line":6,"column":18},"end":{"line":6,"column":460}}},"fnMap":{},"branchMap":{},"s":{"0":1,"1":1,"2":1,"3":1,"4":1,"5":1},"f":{},"b":{},"meta":{"lastBranch":0,"lastFunction":0,"lastStatement":6,"seen":{"s:1:18:1:824":0,"s:2:18:2:255":1,"s:3:18:3:753":2,"s:4:18:4:769":3,"s:5:18:5:804":4,"s:6:18:6:460":5}}}
,"/Users/leonardo/books/src/utils/dataUtils.js": {"path":"/Users/leonardo/books/src/utils/dataUtils.js","statementMap":{"0":{"start":{"line":4,"column":27},"end":{"line":4,"column":null}},"1":{"start":{"line":5,"column":21},"end":{"line":12,"column":null}},"2":{"start":{"line":14,"column":0},"end":{"line":25,"column":null}},"3":{"start":{"line":15,"column":2},"end":{"line":24,"column":null}},"4":{"start":{"line":16,"column":4},"end":{"line":23,"column":null}},"5":{"start":{"line":17,"column":6},"end":{"line":22,"column":null}},"6":{"start":{"line":18,"column":8},"end":{"line":21,"column":null}},"7":{"start":{"line":28,"column":23},"end":{"line":52,"column":null}},"8":{"start":{"line":54,"column":16},"end":{"line":90,"column":null}},"9":{"start":{"line":92,"column":13},"end":{"line":96,"column":null}},"10":{"start":{"line":93,"column":2},"end":{"line":93,"column":null}},"11":{"start":{"line":93,"column":13},"end":{"line":93,"column":null}},"12":{"start":{"line":94,"column":21},"end":{"line":94,"column":null}},"13":{"start":{"line":95,"column":2},"end":{"line":95,"column":null}},"14":{"start":{"line":98,"column":13},"end":{"line":115,"column":null}},"15":{"start":{"line":99,"column":2},"end":{"line":99,"column":null}},"16":{"start":{"line":99,"column":20},"end":{"line":99,"column":null}},"17":{"start":{"line":100,"column":15},"end":{"line":100,"column":null}},"18":{"start":{"line":101,"column":25},"end":{"line":101,"column":null}},"19":{"start":{"line":104,"column":13},"end":{"line":104,"column":null}},"20":{"start":{"line":107,"column":2},"end":{"line":112,"column":null}},"21":{"start":{"line":108,"column":18},"end":{"line":110,"column":null}},"22":{"start":{"line":109,"column":6},"end":{"line":109,"column":null}},"23":{"start":{"line":111,"column":4},"end":{"line":111,"column":null}},"24":{"start":{"line":111,"column":15},"end":{"line":111,"column":null}},"25":{"start":{"line":114,"column":2},"end":{"line":114,"column":null}},"26":{"start":{"line":120,"column":13},"end":{"line":130,"column":null}},"27":{"start":{"line":121,"column":2},"end":{"line":121,"column":null}},"28":{"start":{"line":121,"column":12},"end":{"line":121,"column":null}},"29":{"start":{"line":122,"column":2},"end":{"line":129,"column":null}},"30":{"start":{"line":135,"column":13},"end":{"line":138,"column":null}},"31":{"start":{"line":136,"column":2},"end":{"line":136,"column":null}},"32":{"start":{"line":136,"column":12},"end":{"line":136,"column":null}},"33":{"start":{"line":137,"column":2},"end":{"line":137,"column":null}},"34":{"start":{"line":143,"column":13},"end":{"line":151,"column":null}},"35":{"start":{"line":144,"column":2},"end":{"line":144,"column":null}},"36":{"start":{"line":144,"column":41},"end":{"line":144,"column":null}},"37":{"start":{"line":145,"column":12},"end":{"line":145,"column":null}},"38":{"start":{"line":146,"column":2},"end":{"line":149,"column":null}},"39":{"start":{"line":147,"column":4},"end":{"line":147,"column":null}},"40":{"start":{"line":148,"column":4},"end":{"line":148,"column":null}},"41":{"start":{"line":150,"column":2},"end":{"line":150,"column":null}},"42":{"start":{"line":156,"column":13},"end":{"line":190,"column":null}},"43":{"start":{"line":157,"column":16},"end":{"line":157,"column":null}},"44":{"start":{"line":158,"column":12},"end":{"line":158,"column":null}},"45":{"start":{"line":159,"column":17},"end":{"line":159,"column":null}},"46":{"start":{"line":161,"column":2},"end":{"line":185,"column":null}},"47":{"start":{"line":161,"column":15},"end":{"line":161,"column":18}},"48":{"start":{"line":162,"column":17},"end":{"line":162,"column":null}},"49":{"start":{"line":163,"column":21},"end":{"line":163,"column":null}},"50":{"start":{"line":165,"column":4},"end":{"line":184,"column":null}},"51":{"start":{"line":166,"column":6},"end":{"line":171,"column":null}},"52":{"start":{"line":167,"column":8},"end":{"line":167,"column":null}},"53":{"start":{"line":168,"column":8},"end":{"line":168,"column":null}},"54":{"start":{"line":170,"column":8},"end":{"line":170,"column":null}},"55":{"start":{"line":172,"column":11},"end":{"line":184,"column":null}},"56":{"start":{"line":173,"column":6},"end":{"line":173,"column":null}},"57":{"start":{"line":174,"column":11},"end":{"line":184,"column":null}},"58":{"start":{"line":175,"column":6},"end":{"line":177,"column":null}},"59":{"start":{"line":176,"column":8},"end":{"line":176,"column":null}},"60":{"start":{"line":178,"column":6},"end":{"line":180,"column":null}},"61":{"start":{"line":179,"column":8},"end":{"line":179,"column":null}},"62":{"start":{"line":181,"column":6},"end":{"line":181,"column":null}},"63":{"start":{"line":183,"column":6},"end":{"line":183,"column":null}},"64":{"start":{"line":186,"column":2},"end":{"line":188,"column":null}},"65":{"start":{"line":187,"column":4},"end":{"line":187,"column":null}},"66":{"start":{"line":189,"column":2},"end":{"line":189,"column":null}},"67":{"start":{"line":195,"column":13},"end":{"line":232,"column":null}},"68":{"start":{"line":196,"column":2},"end":{"line":196,"column":null}},"69":{"start":{"line":196,"column":23},"end":{"line":196,"column":null}},"70":{"start":{"line":198,"column":18},"end":{"line":198,"column":null}},"71":{"start":{"line":198,"column":35},"end":{"line":198,"column":57}},"72":{"start":{"line":199,"column":18},"end":{"line":210,"column":null}},"73":{"start":{"line":212,"column":2},"end":{"line":231,"column":null}},"74":{"start":{"line":213,"column":19},"end":{"line":213,"column":119}},"75":{"start":{"line":215,"column":22},"end":{"line":215,"column":null}},"76":{"start":{"line":216,"column":18},"end":{"line":216,"column":null}},"77":{"start":{"line":218,"column":6},"end":{"line":230,"column":null}},"78":{"start":{"line":237,"column":13},"end":{"line":338,"column":null}},"79":{"start":{"line":238,"column":20},"end":{"line":238,"column":null}},"80":{"start":{"line":239,"column":19},"end":{"line":335,"column":null}},"81":{"start":{"line":240,"column":20},"end":{"line":240,"column":null}},"82":{"start":{"line":241,"column":20},"end":{"line":241,"column":null}},"83":{"start":{"line":244,"column":16},"end":{"line":244,"column":null}},"84":{"start":{"line":245,"column":4},"end":{"line":248,"column":null}},"85":{"start":{"line":246,"column":6},"end":{"line":246,"column":null}},"86":{"start":{"line":247,"column":6},"end":{"line":247,"column":null}},"87":{"start":{"line":249,"column":4},"end":{"line":252,"column":null}},"88":{"start":{"line":250,"column":6},"end":{"line":250,"column":null}},"89":{"start":{"line":251,"column":6},"end":{"line":251,"column":null}},"90":{"start":{"line":254,"column":4},"end":{"line":263,"column":null}},"91":{"start":{"line":255,"column":6},"end":{"line":255,"column":null}},"92":{"start":{"line":256,"column":6},"end":{"line":256,"column":null}},"93":{"start":{"line":257,"column":11},"end":{"line":263,"column":null}},"94":{"start":{"line":258,"column":6},"end":{"line":258,"column":null}},"95":{"start":{"line":259,"column":6},"end":{"line":259,"column":null}},"96":{"start":{"line":260,"column":11},"end":{"line":263,"column":null}},"97":{"start":{"line":261,"column":6},"end":{"line":261,"column":null}},"98":{"start":{"line":262,"column":6},"end":{"line":262,"column":null}},"99":{"start":{"line":265,"column":4},"end":{"line":270,"column":null}},"100":{"start":{"line":267,"column":6},"end":{"line":267,"column":null}},"101":{"start":{"line":268,"column":6},"end":{"line":268,"column":null}},"102":{"start":{"line":269,"column":6},"end":{"line":269,"column":null}},"103":{"start":{"line":272,"column":4},"end":{"line":275,"column":null}},"104":{"start":{"line":273,"column":6},"end":{"line":273,"column":null}},"105":{"start":{"line":274,"column":6},"end":{"line":274,"column":null}},"106":{"start":{"line":277,"column":24},"end":{"line":280,"column":null}},"107":{"start":{"line":278,"column":6},"end":{"line":279,"column":null}},"108":{"start":{"line":282,"column":4},"end":{"line":314,"column":null}},"109":{"start":{"line":283,"column":6},"end":{"line":286,"column":null}},"110":{"start":{"line":284,"column":8},"end":{"line":284,"column":null}},"111":{"start":{"line":285,"column":8},"end":{"line":285,"column":null}},"112":{"start":{"line":287,"column":6},"end":{"line":292,"column":null}},"113":{"start":{"line":288,"column":8},"end":{"line":291,"column":null}},"114":{"start":{"line":289,"column":10},"end":{"line":289,"column":null}},"115":{"start":{"line":290,"column":10},"end":{"line":290,"column":null}},"116":{"start":{"line":293,"column":6},"end":{"line":296,"column":null}},"117":{"start":{"line":294,"column":8},"end":{"line":294,"column":null}},"118":{"start":{"line":295,"column":8},"end":{"line":295,"column":null}},"119":{"start":{"line":297,"column":6},"end":{"line":300,"column":null}},"120":{"start":{"line":298,"column":8},"end":{"line":298,"column":null}},"121":{"start":{"line":299,"column":8},"end":{"line":299,"column":null}},"122":{"start":{"line":302,"column":6},"end":{"line":305,"column":null}},"123":{"start":{"line":303,"column":8},"end":{"line":303,"column":null}},"124":{"start":{"line":304,"column":8},"end":{"line":304,"column":null}},"125":{"start":{"line":306,"column":6},"end":{"line":309,"column":null}},"126":{"start":{"line":307,"column":8},"end":{"line":307,"column":null}},"127":{"start":{"line":308,"column":8},"end":{"line":308,"column":null}},"128":{"start":{"line":310,"column":6},"end":{"line":313,"column":null}},"129":{"start":{"line":311,"column":8},"end":{"line":311,"column":null}},"130":{"start":{"line":312,"column":8},"end":{"line":312,"column":null}},"131":{"start":{"line":316,"column":4},"end":{"line":318,"column":null}},"132":{"start":{"line":317,"column":6},"end":{"line":317,"column":null}},"133":{"start":{"line":321,"column":22},"end":{"line":321,"column":null}},"134":{"start":{"line":322,"column":4},"end":{"line":325,"column":null}},"135":{"start":{"line":323,"column":6},"end":{"line":323,"column":null}},"136":{"start":{"line":324,"column":6},"end":{"line":324,"column":null}},"137":{"start":{"line":328,"column":24},"end":{"line":328,"column":null}},"138":{"start":{"line":329,"column":4},"end":{"line":332,"column":null}},"139":{"start":{"line":330,"column":6},"end":{"line":330,"column":null}},"140":{"start":{"line":331,"column":6},"end":{"line":331,"column":null}},"141":{"start":{"line":334,"column":4},"end":{"line":334,"column":null}},"142":{"start":{"line":337,"column":2},"end":{"line":337,"column":null}},"143":{"start":{"line":345,"column":13},"end":{"line":354,"column":null}},"144":{"start":{"line":346,"column":17},"end":{"line":350,"column":null}},"145":{"start":{"line":347,"column":18},"end":{"line":347,"column":null}},"146":{"start":{"line":348,"column":18},"end":{"line":348,"column":null}},"147":{"start":{"line":349,"column":4},"end":{"line":349,"column":null}},"148":{"start":{"line":351,"column":2},"end":{"line":353,"column":null}},"149":{"start":{"line":352,"column":14},"end":{"line":352,"column":71}}},"fnMap":{"0":{"name":"(anonymous_0)","decl":{"start":{"line":14,"column":26},"end":{"line":14,"column":35}},"loc":{"start":{"line":14,"column":64},"end":{"line":25,"column":1}},"line":14},"1":{"name":"(anonymous_1)","decl":{"start":{"line":15,"column":10},"end":{"line":15,"column":18}},"loc":{"start":{"line":15,"column":31},"end":{"line":24,"column":3}},"line":15},"2":{"name":"(anonymous_2)","decl":{"start":{"line":16,"column":30},"end":{"line":16,"column":39}},"loc":{"start":{"line":16,"column":67},"end":{"line":23,"column":5}},"line":16},"3":{"name":"(anonymous_3)","decl":{"start":{"line":17,"column":16},"end":{"line":17,"column":24}},"loc":{"start":{"line":17,"column":35},"end":{"line":22,"column":7}},"line":17},"4":{"name":"(anonymous_4)","decl":{"start":{"line":92,"column":13},"end":{"line":92,"column":43}},"loc":{"start":{"line":92,"column":52},"end":{"line":96,"column":null}},"line":92},"5":{"name":"(anonymous_5)","decl":{"start":{"line":98,"column":13},"end":{"line":98,"column":27}},"loc":{"start":{"line":98,"column":43},"end":{"line":115,"column":null}},"line":98},"6":{"name":"(anonymous_6)","decl":{"start":{"line":108,"column":53},"end":{"line":108,"column":59}},"loc":{"start":{"line":109,"column":6},"end":{"line":109,"column":null}},"line":109},"7":{"name":"(anonymous_7)","decl":{"start":{"line":120,"column":13},"end":{"line":120,"column":33}},"loc":{"start":{"line":120,"column":41},"end":{"line":130,"column":null}},"line":120},"8":{"name":"(anonymous_8)","decl":{"start":{"line":135,"column":13},"end":{"line":135,"column":35}},"loc":{"start":{"line":135,"column":43},"end":{"line":138,"column":null}},"line":135},"9":{"name":"(anonymous_9)","decl":{"start":{"line":143,"column":13},"end":{"line":143,"column":31}},"loc":{"start":{"line":143,"column":39},"end":{"line":151,"column":null}},"line":143},"10":{"name":"(anonymous_10)","decl":{"start":{"line":156,"column":13},"end":{"line":156,"column":29}},"loc":{"start":{"line":156,"column":38},"end":{"line":190,"column":null}},"line":156},"11":{"name":"(anonymous_11)","decl":{"start":{"line":195,"column":13},"end":{"line":195,"column":30}},"loc":{"start":{"line":195,"column":39},"end":{"line":232,"column":null}},"line":195},"12":{"name":"(anonymous_12)","decl":{"start":{"line":198,"column":26},"end":{"line":198,"column":30}},"loc":{"start":{"line":198,"column":35},"end":{"line":198,"column":57}},"line":198},"13":{"name":"(anonymous_13)","decl":{"start":{"line":213,"column":5},"end":{"line":213,"column":12}},"loc":{"start":{"line":213,"column":19},"end":{"line":213,"column":119}},"line":213},"14":{"name":"(anonymous_14)","decl":{"start":{"line":214,"column":5},"end":{"line":214,"column":10}},"loc":{"start":{"line":214,"column":23},"end":{"line":231,"column":5}},"line":214},"15":{"name":"(anonymous_15)","decl":{"start":{"line":237,"column":13},"end":{"line":237,"column":32}},"loc":{"start":{"line":237,"column":63},"end":{"line":338,"column":null}},"line":237},"16":{"name":"(anonymous_16)","decl":{"start":{"line":239,"column":31},"end":{"line":239,"column":35}},"loc":{"start":{"line":239,"column":40},"end":{"line":335,"column":3}},"line":239},"17":{"name":"(anonymous_17)","decl":{"start":{"line":277,"column":38},"end":{"line":277,"column":43}},"loc":{"start":{"line":278,"column":6},"end":{"line":279,"column":null}},"line":278},"18":{"name":"(anonymous_18)","decl":{"start":{"line":345,"column":13},"end":{"line":345,"column":31}},"loc":{"start":{"line":345,"column":41},"end":{"line":354,"column":null}},"line":345},"19":{"name":"(anonymous_19)","decl":{"start":{"line":346,"column":28},"end":{"line":346,"column":34}},"loc":{"start":{"line":346,"column":43},"end":{"line":350,"column":3}},"line":346},"20":{"name":"(anonymous_20)","decl":{"start":{"line":352,"column":5},"end":{"line":352,"column":9}},"loc":{"start":{"line":352,"column":14},"end":{"line":352,"column":71}},"line":352}},"branchMap":{"0":{"loc":{"start":{"line":93,"column":2},"end":{"line":93,"column":null}},"type":"if","locations":[{"start":{"line":93,"column":2},"end":{"line":93,"column":null}},{"start":{},"end":{}}],"line":93},"1":{"loc":{"start":{"line":95,"column":9},"end":{"line":95,"column":null}},"type":"binary-expr","locations":[{"start":{"line":95,"column":9},"end":{"line":95,"column":32}},{"start":{"line":95,"column":32},"end":{"line":95,"column":null}}],"line":95},"2":{"loc":{"start":{"line":99,"column":2},"end":{"line":99,"column":null}},"type":"if","locations":[{"start":{"line":99,"column":2},"end":{"line":99,"column":null}},{"start":{},"end":{}}],"line":99},"3":{"loc":{"start":{"line":101,"column":25},"end":{"line":101,"column":null}},"type":"binary-expr","locations":[{"start":{"line":101,"column":25},"end":{"line":101,"column":49}},{"start":{"line":101,"column":49},"end":{"line":101,"column":null}}],"line":101},"4":{"loc":{"start":{"line":107,"column":2},"end":{"line":112,"column":null}},"type":"if","locations":[{"start":{"line":107,"column":2},"end":{"line":112,"column":null}},{"start":{},"end":{}}],"line":107},"5":{"loc":{"start":{"line":109,"column":6},"end":{"line":109,"column":null}},"type":"binary-expr","locations":[{"start":{"line":109,"column":6},"end":{"line":109,"column":26}},{"start":{"line":109,"column":26},"end":{"line":109,"column":null}}],"line":109},"6":{"loc":{"start":{"line":111,"column":4},"end":{"line":111,"column":null}},"type":"if","locations":[{"start":{"line":111,"column":4},"end":{"line":111,"column":null}},{"start":{},"end":{}}],"line":111},"7":{"loc":{"start":{"line":114,"column":9},"end":{"line":114,"column":null}},"type":"binary-expr","locations":[{"start":{"line":114,"column":9},"end":{"line":114,"column":17}},{"start":{"line":114,"column":17},"end":{"line":114,"column":null}}],"line":114},"8":{"loc":{"start":{"line":121,"column":2},"end":{"line":121,"column":null}},"type":"if","locations":[{"start":{"line":121,"column":2},"end":{"line":121,"column":null}},{"start":{},"end":{}}],"line":121},"9":{"loc":{"start":{"line":136,"column":2},"end":{"line":136,"column":null}},"type":"if","locations":[{"start":{"line":136,"column":2},"end":{"line":136,"column":null}},{"start":{},"end":{}}],"line":136},"10":{"loc":{"start":{"line":144,"column":2},"end":{"line":144,"column":null}},"type":"if","locations":[{"start":{"line":144,"column":2},"end":{"line":144,"column":null}},{"start":{},"end":{}}],"line":144},"11":{"loc":{"start":{"line":144,"column":6},"end":{"line":144,"column":41}},"type":"binary-expr","locations":[{"start":{"line":144,"column":6},"end":{"line":144,"column":22}},{"start":{"line":144,"column":22},"end":{"line":144,"column":41}}],"line":144},"12":{"loc":{"start":{"line":146,"column":2},"end":{"line":149,"column":null}},"type":"if","locations":[{"start":{"line":146,"column":2},"end":{"line":149,"column":null}},{"start":{},"end":{}}],"line":146},"13":{"loc":{"start":{"line":146,"column":6},"end":{"line":146,"column":90}},"type":"binary-expr","locations":[{"start":{"line":146,"column":6},"end":{"line":146,"column":27}},{"start":{"line":146,"column":27},"end":{"line":146,"column":48}},{"start":{"line":146,"column":48},"end":{"line":146,"column":70}},{"start":{"line":146,"column":70},"end":{"line":146,"column":90}}],"line":146},"14":{"loc":{"start":{"line":165,"column":4},"end":{"line":184,"column":null}},"type":"if","locations":[{"start":{"line":165,"column":4},"end":{"line":184,"column":null}},{"start":{"line":172,"column":11},"end":{"line":184,"column":null}}],"line":165},"15":{"loc":{"start":{"line":166,"column":6},"end":{"line":171,"column":null}},"type":"if","locations":[{"start":{"line":166,"column":6},"end":{"line":171,"column":null}},{"start":{"line":169,"column":13},"end":{"line":171,"column":null}}],"line":166},"16":{"loc":{"start":{"line":166,"column":10},"end":{"line":166,"column":40}},"type":"binary-expr","locations":[{"start":{"line":166,"column":10},"end":{"line":166,"column":22}},{"start":{"line":166,"column":22},"end":{"line":166,"column":40}}],"line":166},"17":{"loc":{"start":{"line":172,"column":11},"end":{"line":184,"column":null}},"type":"if","locations":[{"start":{"line":172,"column":11},"end":{"line":184,"column":null}},{"start":{"line":174,"column":11},"end":{"line":184,"column":null}}],"line":172},"18":{"loc":{"start":{"line":172,"column":15},"end":{"line":172,"column":42}},"type":"binary-expr","locations":[{"start":{"line":172,"column":15},"end":{"line":172,"column":31}},{"start":{"line":172,"column":31},"end":{"line":172,"column":42}}],"line":172},"19":{"loc":{"start":{"line":174,"column":11},"end":{"line":184,"column":null}},"type":"if","locations":[{"start":{"line":174,"column":11},"end":{"line":184,"column":null}},{"start":{"line":182,"column":11},"end":{"line":184,"column":null}}],"line":174},"20":{"loc":{"start":{"line":174,"column":11},"end":{"line":174,"column":62}},"type":"binary-expr","locations":[{"start":{"line":174,"column":16},"end":{"line":174,"column":33}},{"start":{"line":174,"column":33},"end":{"line":174,"column":51}},{"start":{"line":174,"column":51},"end":{"line":174,"column":62}}],"line":174},"21":{"loc":{"start":{"line":175,"column":6},"end":{"line":177,"column":null}},"type":"if","locations":[{"start":{"line":175,"column":6},"end":{"line":177,"column":null}},{"start":{},"end":{}}],"line":175},"22":{"loc":{"start":{"line":175,"column":10},"end":{"line":175,"column":46}},"type":"binary-expr","locations":[{"start":{"line":175,"column":10},"end":{"line":175,"column":27}},{"start":{"line":175,"column":27},"end":{"line":175,"column":46}}],"line":175},"23":{"loc":{"start":{"line":178,"column":6},"end":{"line":180,"column":null}},"type":"if","locations":[{"start":{"line":178,"column":6},"end":{"line":180,"column":null}},{"start":{},"end":{}}],"line":178},"24":{"loc":{"start":{"line":178,"column":10},"end":{"line":178,"column":43}},"type":"binary-expr","locations":[{"start":{"line":178,"column":10},"end":{"line":178,"column":28}},{"start":{"line":178,"column":28},"end":{"line":178,"column":43}}],"line":178},"25":{"loc":{"start":{"line":186,"column":2},"end":{"line":188,"column":null}},"type":"if","locations":[{"start":{"line":186,"column":2},"end":{"line":188,"column":null}},{"start":{},"end":{}}],"line":186},"26":{"loc":{"start":{"line":186,"column":6},"end":{"line":186,"column":39}},"type":"binary-expr","locations":[{"start":{"line":186,"column":6},"end":{"line":186,"column":24}},{"start":{"line":186,"column":24},"end":{"line":186,"column":39}}],"line":186},"27":{"loc":{"start":{"line":196,"column":2},"end":{"line":196,"column":null}},"type":"if","locations":[{"start":{"line":196,"column":2},"end":{"line":196,"column":null}},{"start":{},"end":{}}],"line":196},"28":{"loc":{"start":{"line":213,"column":19},"end":{"line":213,"column":119}},"type":"binary-expr","locations":[{"start":{"line":213,"column":19},"end":{"line":213,"column":41}},{"start":{"line":213,"column":41},"end":{"line":213,"column":70}},{"start":{"line":213,"column":70},"end":{"line":213,"column":93}},{"start":{"line":213,"column":93},"end":{"line":213,"column":119}}],"line":213},"29":{"loc":{"start":{"line":215,"column":22},"end":{"line":215,"column":null}},"type":"binary-expr","locations":[{"start":{"line":215,"column":22},"end":{"line":215,"column":54}},{"start":{"line":215,"column":54},"end":{"line":215,"column":null}}],"line":215},"30":{"loc":{"start":{"line":220,"column":15},"end":{"line":220,"column":null}},"type":"binary-expr","locations":[{"start":{"line":220,"column":15},"end":{"line":220,"column":45}},{"start":{"line":220,"column":45},"end":{"line":220,"column":null}}],"line":220},"31":{"loc":{"start":{"line":221,"column":33},"end":{"line":221,"column":66}},"type":"binary-expr","locations":[{"start":{"line":221,"column":33},"end":{"line":221,"column":64}},{"start":{"line":221,"column":64},"end":{"line":221,"column":66}}],"line":221},"32":{"loc":{"start":{"line":222,"column":14},"end":{"line":222,"column":null}},"type":"cond-expr","locations":[{"start":{"line":222,"column":36},"end":{"line":222,"column":70}},{"start":{"line":222,"column":70},"end":{"line":222,"column":null}}],"line":222},"33":{"loc":{"start":{"line":222,"column":36},"end":{"line":222,"column":70}},"type":"binary-expr","locations":[{"start":{"line":222,"column":36},"end":{"line":222,"column":65}},{"start":{"line":222,"column":65},"end":{"line":222,"column":70}}],"line":222},"34":{"loc":{"start":{"line":224,"column":16},"end":{"line":224,"column":null}},"type":"cond-expr","locations":[{"start":{"line":224,"column":63},"end":{"line":224,"column":92}},{"start":{"line":224,"column":92},"end":{"line":224,"column":null}}],"line":224},"35":{"loc":{"start":{"line":224,"column":16},"end":{"line":224,"column":63}},"type":"binary-expr","locations":[{"start":{"line":224,"column":16},"end":{"line":224,"column":41}},{"start":{"line":224,"column":41},"end":{"line":224,"column":63}}],"line":224},"36":{"loc":{"start":{"line":225,"column":19},"end":{"line":225,"column":null}},"type":"cond-expr","locations":[{"start":{"line":225,"column":72},"end":{"line":225,"column":104}},{"start":{"line":225,"column":104},"end":{"line":225,"column":null}}],"line":225},"37":{"loc":{"start":{"line":225,"column":19},"end":{"line":225,"column":72}},"type":"binary-expr","locations":[{"start":{"line":225,"column":19},"end":{"line":225,"column":47}},{"start":{"line":225,"column":47},"end":{"line":225,"column":72}}],"line":225},"38":{"loc":{"start":{"line":226,"column":14},"end":{"line":226,"column":null}},"type":"cond-expr","locations":[{"start":{"line":226,"column":37},"end":{"line":226,"column":121}},{"start":{"line":226,"column":121},"end":{"line":226,"column":null}}],"line":226},"39":{"loc":{"start":{"line":226,"column":37},"end":{"line":226,"column":121}},"type":"binary-expr","locations":[{"start":{"line":226,"column":37},"end":{"line":226,"column":74}},{"start":{"line":226,"column":74},"end":{"line":226,"column":121}}],"line":226},"40":{"loc":{"start":{"line":227,"column":26},"end":{"line":227,"column":null}},"type":"cond-expr","locations":[{"start":{"line":227,"column":48},"end":{"line":227,"column":96}},{"start":{"line":227,"column":96},"end":{"line":227,"column":null}}],"line":227},"41":{"loc":{"start":{"line":228,"column":15},"end":{"line":228,"column":null}},"type":"cond-expr","locations":[{"start":{"line":228,"column":38},"end":{"line":228,"column":80}},{"start":{"line":228,"column":80},"end":{"line":228,"column":null}}],"line":228},"42":{"loc":{"start":{"line":228,"column":38},"end":{"line":228,"column":80}},"type":"binary-expr","locations":[{"start":{"line":228,"column":38},"end":{"line":228,"column":74}},{"start":{"line":228,"column":74},"end":{"line":228,"column":80}}],"line":228},"43":{"loc":{"start":{"line":229,"column":21},"end":{"line":229,"column":null}},"type":"cond-expr","locations":[{"start":{"line":229,"column":43},"end":{"line":229,"column":77}},{"start":{"line":229,"column":77},"end":{"line":229,"column":null}}],"line":229},"44":{"loc":{"start":{"line":229,"column":43},"end":{"line":229,"column":77}},"type":"binary-expr","locations":[{"start":{"line":229,"column":43},"end":{"line":229,"column":72}},{"start":{"line":229,"column":72},"end":{"line":229,"column":77}}],"line":229},"45":{"loc":{"start":{"line":245,"column":4},"end":{"line":248,"column":null}},"type":"if","locations":[{"start":{"line":245,"column":4},"end":{"line":248,"column":null}},{"start":{},"end":{}}],"line":245},"46":{"loc":{"start":{"line":245,"column":8},"end":{"line":245,"column":62}},"type":"binary-expr","locations":[{"start":{"line":245,"column":8},"end":{"line":245,"column":23}},{"start":{"line":245,"column":23},"end":{"line":245,"column":36}},{"start":{"line":245,"column":36},"end":{"line":245,"column":62}}],"line":245},"47":{"loc":{"start":{"line":249,"column":4},"end":{"line":252,"column":null}},"type":"if","locations":[{"start":{"line":249,"column":4},"end":{"line":252,"column":null}},{"start":{},"end":{}}],"line":249},"48":{"loc":{"start":{"line":249,"column":8},"end":{"line":249,"column":74}},"type":"binary-expr","locations":[{"start":{"line":249,"column":8},"end":{"line":249,"column":26}},{"start":{"line":249,"column":26},"end":{"line":249,"column":42}},{"start":{"line":249,"column":42},"end":{"line":249,"column":74}}],"line":249},"49":{"loc":{"start":{"line":254,"column":4},"end":{"line":263,"column":null}},"type":"if","locations":[{"start":{"line":254,"column":4},"end":{"line":263,"column":null}},{"start":{"line":257,"column":11},"end":{"line":263,"column":null}}],"line":254},"50":{"loc":{"start":{"line":257,"column":11},"end":{"line":263,"column":null}},"type":"if","locations":[{"start":{"line":257,"column":11},"end":{"line":263,"column":null}},{"start":{"line":260,"column":11},"end":{"line":263,"column":null}}],"line":257},"51":{"loc":{"start":{"line":260,"column":11},"end":{"line":263,"column":null}},"type":"if","locations":[{"start":{"line":260,"column":11},"end":{"line":263,"column":null}},{"start":{},"end":{}}],"line":260},"52":{"loc":{"start":{"line":265,"column":4},"end":{"line":270,"column":null}},"type":"if","locations":[{"start":{"line":265,"column":4},"end":{"line":270,"column":null}},{"start":{},"end":{}}],"line":265},"53":{"loc":{"start":{"line":265,"column":8},"end":{"line":265,"column":108}},"type":"binary-expr","locations":[{"start":{"line":265,"column":8},"end":{"line":265,"column":73}},{"start":{"line":265,"column":73},"end":{"line":265,"column":108}}],"line":265},"54":{"loc":{"start":{"line":272,"column":4},"end":{"line":275,"column":null}},"type":"if","locations":[{"start":{"line":272,"column":4},"end":{"line":275,"column":null}},{"start":{},"end":{}}],"line":272},"55":{"loc":{"start":{"line":278,"column":6},"end":{"line":279,"column":null}},"type":"binary-expr","locations":[{"start":{"line":278,"column":6},"end":{"line":278,"column":null}},{"start":{"line":279,"column":6},"end":{"line":279,"column":null}}],"line":278},"56":{"loc":{"start":{"line":282,"column":4},"end":{"line":314,"column":null}},"type":"if","locations":[{"start":{"line":282,"column":4},"end":{"line":314,"column":null}},{"start":{"line":301,"column":11},"end":{"line":314,"column":null}}],"line":282},"57":{"loc":{"start":{"line":283,"column":6},"end":{"line":286,"column":null}},"type":"if","locations":[{"start":{"line":283,"column":6},"end":{"line":286,"column":null}},{"start":{},"end":{}}],"line":283},"58":{"loc":{"start":{"line":283,"column":10},"end":{"line":283,"column":94}},"type":"binary-expr","locations":[{"start":{"line":283,"column":10},"end":{"line":283,"column":35}},{"start":{"line":283,"column":35},"end":{"line":283,"column":94}}],"line":283},"59":{"loc":{"start":{"line":287,"column":6},"end":{"line":292,"column":null}},"type":"if","locations":[{"start":{"line":287,"column":6},"end":{"line":292,"column":null}},{"start":{},"end":{}}],"line":287},"60":{"loc":{"start":{"line":287,"column":10},"end":{"line":287,"column":80}},"type":"binary-expr","locations":[{"start":{"line":287,"column":10},"end":{"line":287,"column":46}},{"start":{"line":287,"column":46},"end":{"line":287,"column":80}}],"line":287},"61":{"loc":{"start":{"line":288,"column":8},"end":{"line":291,"column":null}},"type":"if","locations":[{"start":{"line":288,"column":8},"end":{"line":291,"column":null}},{"start":{},"end":{}}],"line":288},"62":{"loc":{"start":{"line":293,"column":6},"end":{"line":296,"column":null}},"type":"if","locations":[{"start":{"line":293,"column":6},"end":{"line":296,"column":null}},{"start":{},"end":{}}],"line":293},"63":{"loc":{"start":{"line":293,"column":10},"end":{"line":293,"column":108}},"type":"binary-expr","locations":[{"start":{"line":293,"column":10},"end":{"line":293,"column":41}},{"start":{"line":293,"column":41},"end":{"line":293,"column":65}},{"start":{"line":293,"column":65},"end":{"line":293,"column":108}}],"line":293},"64":{"loc":{"start":{"line":297,"column":6},"end":{"line":300,"column":null}},"type":"if","locations":[{"start":{"line":297,"column":6},"end":{"line":300,"column":null}},{"start":{},"end":{}}],"line":297},"65":{"loc":{"start":{"line":297,"column":6},"end":{"line":297,"column":81}},"type":"binary-expr","locations":[{"start":{"line":297,"column":11},"end":{"line":297,"column":32}},{"start":{"line":297,"column":32},"end":{"line":297,"column":52}},{"start":{"line":297,"column":52},"end":{"line":297,"column":81}}],"line":297},"66":{"loc":{"start":{"line":302,"column":6},"end":{"line":305,"column":null}},"type":"if","locations":[{"start":{"line":302,"column":6},"end":{"line":305,"column":null}},{"start":{},"end":{}}],"line":302},"67":{"loc":{"start":{"line":306,"column":6},"end":{"line":309,"column":null}},"type":"if","locations":[{"start":{"line":306,"column":6},"end":{"line":309,"column":null}},{"start":{},"end":{}}],"line":306},"68":{"loc":{"start":{"line":310,"column":6},"end":{"line":313,"column":null}},"type":"if","locations":[{"start":{"line":310,"column":6},"end":{"line":313,"column":null}},{"start":{},"end":{}}],"line":310},"69":{"loc":{"start":{"line":311,"column":45},"end":{"line":311,"column":77}},"type":"binary-expr","locations":[{"start":{"line":311,"column":45},"end":{"line":311,"column":58}},{"start":{"line":311,"column":58},"end":{"line":311,"column":77}}],"line":311},"70":{"loc":{"start":{"line":316,"column":4},"end":{"line":318,"column":null}},"type":"if","locations":[{"start":{"line":316,"column":4},"end":{"line":318,"column":null}},{"start":{},"end":{}}],"line":316},"71":{"loc":{"start":{"line":322,"column":4},"end":{"line":325,"column":null}},"type":"if","locations":[{"start":{"line":322,"column":4},"end":{"line":325,"column":null}},{"start":{},"end":{}}],"line":322},"72":{"loc":{"start":{"line":329,"column":4},"end":{"line":332,"column":null}},"type":"if","locations":[{"start":{"line":329,"column":4},"end":{"line":332,"column":null}},{"start":{},"end":{}}],"line":329},"73":{"loc":{"start":{"line":347,"column":18},"end":{"line":347,"column":null}},"type":"binary-expr","locations":[{"start":{"line":347,"column":18},"end":{"line":347,"column":42}},{"start":{"line":347,"column":42},"end":{"line":347,"column":null}}],"line":347},"74":{"loc":{"start":{"line":348,"column":18},"end":{"line":348,"column":null}},"type":"binary-expr","locations":[{"start":{"line":348,"column":18},"end":{"line":348,"column":42}},{"start":{"line":348,"column":42},"end":{"line":348,"column":null}}],"line":348}},"s":{"0":1,"1":1,"2":1,"3":6,"4":21,"5":21,"6":235,"7":1,"8":1,"9":1,"10":11,"11":0,"12":11,"13":11,"14":1,"15":11,"16":2,"17":9,"18":9,"19":11,"20":11,"21":1,"22":74,"23":1,"24":1,"25":9,"26":1,"27":14,"28":0,"29":14,"30":1,"31":6,"32":3,"33":3,"34":1,"35":5,"36":2,"37":3,"38":3,"39":2,"40":2,"41":1,"42":1,"43":4,"44":4,"45":4,"46":4,"47":4,"48":146,"49":146,"50":146,"51":6,"52":2,"53":2,"54":4,"55":140,"56":10,"57":130,"58":6,"59":2,"60":6,"61":6,"62":6,"63":124,"64":4,"65":4,"66":4,"67":1,"68":2,"69":0,"70":2,"71":11,"72":2,"73":2,"74":4,"75":2,"76":2,"77":2,"78":1,"79":7,"80":7,"81":9,"82":9,"83":9,"84":9,"85":8,"86":8,"87":9,"88":7,"89":7,"90":9,"91":1,"92":1,"93":8,"94":1,"95":1,"96":7,"97":1,"98":1,"99":9,"100":2,"101":2,"102":2,"103":9,"104":1,"105":1,"106":9,"107":1,"108":9,"109":1,"110":1,"111":1,"112":1,"113":1,"114":1,"115":1,"116":1,"117":1,"118":1,"119":1,"120":1,"121":1,"122":8,"123":6,"124":6,"125":8,"126":8,"127":8,"128":8,"129":8,"130":8,"131":9,"132":9,"133":9,"134":9,"135":1,"136":1,"137":9,"138":9,"139":1,"140":1,"141":9,"142":7,"143":1,"144":3,"145":6,"146":6,"147":6,"148":3,"149":7},"f":{"0":6,"1":21,"2":21,"3":235,"4":11,"5":11,"6":74,"7":14,"8":6,"9":5,"10":4,"11":2,"12":11,"13":4,"14":2,"15":7,"16":9,"17":1,"18":3,"19":6,"20":7},"b":{"0":[0,11],"1":[11,10],"2":[2,9],"3":[9,7],"4":[1,10],"5":[74,74],"6":[1,0],"7":[9,0],"8":[0,14],"9":[3,3],"10":[2,3],"11":[5,4],"12":[2,1],"13":[3,2,1,1],"14":[6,140],"15":[2,4],"16":[6,4],"17":[10,130],"18":[140,11],"19":[6,124],"20":[130,128,6],"21":[2,4],"22":[6,2],"23":[6,0],"24":[6,0],"25":[4,0],"26":[4,0],"27":[0,2],"28":[4,3,3,2],"29":[2,1],"30":[2,0],"31":[2,0],"32":[1,1],"33":[1,0],"34":[0,2],"35":[2,0],"36":[1,1],"37":[2,1],"38":[1,1],"39":[1,0],"40":[1,1],"41":[1,1],"42":[1,0],"43":[1,1],"44":[1,0],"45":[8,1],"46":[9,8,0],"47":[7,2],"48":[9,8,5],"49":[1,8],"50":[1,7],"51":[1,6],"52":[2,7],"53":[9,2],"54":[1,8],"55":[1,1],"56":[1,8],"57":[1,0],"58":[1,0],"59":[1,0],"60":[1,0],"61":[1,0],"62":[1,0],"63":[1,0,0],"64":[1,0],"65":[1,0,1],"66":[6,2],"67":[8,0],"68":[8,0],"69":[8,0],"70":[9,0],"71":[1,8],"72":[1,8],"73":[6,1],"74":[6,1]},"meta":{"lastBranch":75,"lastFunction":21,"lastStatement":150,"seen":{"s:4:27:4:Infinity":0,"s:5:21:12:Infinity":1,"s:14:0:25:Infinity":2,"f:14:26:14:35":0,"s:15:2:24:Infinity":3,"f:15:10:15:18":1,"s:16:4:23:Infinity":4,"f:16:30:16:39":2,"s:17:6:22:Infinity":5,"f:17:16:17:24":3,"s:18:8:21:Infinity":6,"s:28:23:52:Infinity":7,"s:54:16:90:Infinity":8,"s:92:13:96:Infinity":9,"f:92:13:92:43":4,"b:93:2:93:Infinity:undefined:undefined:undefined:undefined":0,"s:93:2:93:Infinity":10,"s:93:13:93:Infinity":11,"s:94:21:94:Infinity":12,"s:95:2:95:Infinity":13,"b:95:9:95:32:95:32:95:Infinity":1,"s:98:13:115:Infinity":14,"f:98:13:98:27":5,"b:99:2:99:Infinity:undefined:undefined:undefined:undefined":2,"s:99:2:99:Infinity":15,"s:99:20:99:Infinity":16,"s:100:15:100:Infinity":17,"s:101:25:101:Infinity":18,"b:101:25:101:49:101:49:101:Infinity":3,"s:104:13:104:Infinity":19,"b:107:2:112:Infinity:undefined:undefined:undefined:undefined":4,"s:107:2:112:Infinity":20,"s:108:18:110:Infinity":21,"f:108:53:108:59":6,"s:109:6:109:Infinity":22,"b:109:6:109:26:109:26:109:Infinity":5,"b:111:4:111:Infinity:undefined:undefined:undefined:undefined":6,"s:111:4:111:Infinity":23,"s:111:15:111:Infinity":24,"s:114:2:114:Infinity":25,"b:114:9:114:17:114:17:114:Infinity":7,"s:120:13:130:Infinity":26,"f:120:13:120:33":7,"b:121:2:121:Infinity:undefined:undefined:undefined:undefined":8,"s:121:2:121:Infinity":27,"s:121:12:121:Infinity":28,"s:122:2:129:Infinity":29,"s:135:13:138:Infinity":30,"f:135:13:135:35":8,"b:136:2:136:Infinity:undefined:undefined:undefined:undefined":9,"s:136:2:136:Infinity":31,"s:136:12:136:Infinity":32,"s:137:2:137:Infinity":33,"s:143:13:151:Infinity":34,"f:143:13:143:31":9,"b:144:2:144:Infinity:undefined:undefined:undefined:undefined":10,"s:144:2:144:Infinity":35,"b:144:6:144:22:144:22:144:41":11,"s:144:41:144:Infinity":36,"s:145:12:145:Infinity":37,"b:146:2:149:Infinity:undefined:undefined:undefined:undefined":12,"s:146:2:149:Infinity":38,"b:146:6:146:27:146:27:146:48:146:48:146:70:146:70:146:90":13,"s:147:4:147:Infinity":39,"s:148:4:148:Infinity":40,"s:150:2:150:Infinity":41,"s:156:13:190:Infinity":42,"f:156:13:156:29":10,"s:157:16:157:Infinity":43,"s:158:12:158:Infinity":44,"s:159:17:159:Infinity":45,"s:161:2:185:Infinity":46,"s:161:15:161:18":47,"s:162:17:162:Infinity":48,"s:163:21:163:Infinity":49,"b:165:4:184:Infinity:172:11:184:Infinity":14,"s:165:4:184:Infinity":50,"b:166:6:171:Infinity:169:13:171:Infinity":15,"s:166:6:171:Infinity":51,"b:166:10:166:22:166:22:166:40":16,"s:167:8:167:Infinity":52,"s:168:8:168:Infinity":53,"s:170:8:170:Infinity":54,"b:172:11:184:Infinity:174:11:184:Infinity":17,"s:172:11:184:Infinity":55,"b:172:15:172:31:172:31:172:42":18,"s:173:6:173:Infinity":56,"b:174:11:184:Infinity:182:11:184:Infinity":19,"s:174:11:184:Infinity":57,"b:174:16:174:33:174:33:174:51:174:51:174:62":20,"b:175:6:177:Infinity:undefined:undefined:undefined:undefined":21,"s:175:6:177:Infinity":58,"b:175:10:175:27:175:27:175:46":22,"s:176:8:176:Infinity":59,"b:178:6:180:Infinity:undefined:undefined:undefined:undefined":23,"s:178:6:180:Infinity":60,"b:178:10:178:28:178:28:178:43":24,"s:179:8:179:Infinity":61,"s:181:6:181:Infinity":62,"s:183:6:183:Infinity":63,"b:186:2:188:Infinity:undefined:undefined:undefined:undefined":25,"s:186:2:188:Infinity":64,"b:186:6:186:24:186:24:186:39":26,"s:187:4:187:Infinity":65,"s:189:2:189:Infinity":66,"s:195:13:232:Infinity":67,"f:195:13:195:30":11,"b:196:2:196:Infinity:undefined:undefined:undefined:undefined":27,"s:196:2:196:Infinity":68,"s:196:23:196:Infinity":69,"s:198:18:198:Infinity":70,"f:198:26:198:30":12,"s:198:35:198:57":71,"s:199:18:210:Infinity":72,"s:212:2:231:Infinity":73,"f:213:5:213:12":13,"s:213:19:213:119":74,"b:213:19:213:41:213:41:213:70:213:70:213:93:213:93:213:119":28,"f:214:5:214:10":14,"s:215:22:215:Infinity":75,"b:215:22:215:54:215:54:215:Infinity":29,"s:216:18:216:Infinity":76,"s:218:6:230:Infinity":77,"b:220:15:220:45:220:45:220:Infinity":30,"b:221:33:221:64:221:64:221:66":31,"b:222:36:222:70:222:70:222:Infinity":32,"b:222:36:222:65:222:65:222:70":33,"b:224:63:224:92:224:92:224:Infinity":34,"b:224:16:224:41:224:41:224:63":35,"b:225:72:225:104:225:104:225:Infinity":36,"b:225:19:225:47:225:47:225:72":37,"b:226:37:226:121:226:121:226:Infinity":38,"b:226:37:226:74:226:74:226:121":39,"b:227:48:227:96:227:96:227:Infinity":40,"b:228:38:228:80:228:80:228:Infinity":41,"b:228:38:228:74:228:74:228:80":42,"b:229:43:229:77:229:77:229:Infinity":43,"b:229:43:229:72:229:72:229:77":44,"s:237:13:338:Infinity":78,"f:237:13:237:32":15,"s:238:20:238:Infinity":79,"s:239:19:335:Infinity":80,"f:239:31:239:35":16,"s:240:20:240:Infinity":81,"s:241:20:241:Infinity":82,"s:244:16:244:Infinity":83,"b:245:4:248:Infinity:undefined:undefined:undefined:undefined":45,"s:245:4:248:Infinity":84,"b:245:8:245:23:245:23:245:36:245:36:245:62":46,"s:246:6:246:Infinity":85,"s:247:6:247:Infinity":86,"b:249:4:252:Infinity:undefined:undefined:undefined:undefined":47,"s:249:4:252:Infinity":87,"b:249:8:249:26:249:26:249:42:249:42:249:74":48,"s:250:6:250:Infinity":88,"s:251:6:251:Infinity":89,"b:254:4:263:Infinity:257:11:263:Infinity":49,"s:254:4:263:Infinity":90,"s:255:6:255:Infinity":91,"s:256:6:256:Infinity":92,"b:257:11:263:Infinity:260:11:263:Infinity":50,"s:257:11:263:Infinity":93,"s:258:6:258:Infinity":94,"s:259:6:259:Infinity":95,"b:260:11:263:Infinity:undefined:undefined:undefined:undefined":51,"s:260:11:263:Infinity":96,"s:261:6:261:Infinity":97,"s:262:6:262:Infinity":98,"b:265:4:270:Infinity:undefined:undefined:undefined:undefined":52,"s:265:4:270:Infinity":99,"b:265:8:265:73:265:73:265:108":53,"s:267:6:267:Infinity":100,"s:268:6:268:Infinity":101,"s:269:6:269:Infinity":102,"b:272:4:275:Infinity:undefined:undefined:undefined:undefined":54,"s:272:4:275:Infinity":103,"s:273:6:273:Infinity":104,"s:274:6:274:Infinity":105,"s:277:24:280:Infinity":106,"f:277:38:277:43":17,"s:278:6:279:Infinity":107,"b:278:6:278:Infinity:279:6:279:Infinity":55,"b:282:4:314:Infinity:301:11:314:Infinity":56,"s:282:4:314:Infinity":108,"b:283:6:286:Infinity:undefined:undefined:undefined:undefined":57,"s:283:6:286:Infinity":109,"b:283:10:283:35:283:35:283:94":58,"s:284:8:284:Infinity":110,"s:285:8:285:Infinity":111,"b:287:6:292:Infinity:undefined:undefined:undefined:undefined":59,"s:287:6:292:Infinity":112,"b:287:10:287:46:287:46:287:80":60,"b:288:8:291:Infinity:undefined:undefined:undefined:undefined":61,"s:288:8:291:Infinity":113,"s:289:10:289:Infinity":114,"s:290:10:290:Infinity":115,"b:293:6:296:Infinity:undefined:undefined:undefined:undefined":62,"s:293:6:296:Infinity":116,"b:293:10:293:41:293:41:293:65:293:65:293:108":63,"s:294:8:294:Infinity":117,"s:295:8:295:Infinity":118,"b:297:6:300:Infinity:undefined:undefined:undefined:undefined":64,"s:297:6:300:Infinity":119,"b:297:11:297:32:297:32:297:52:297:52:297:81":65,"s:298:8:298:Infinity":120,"s:299:8:299:Infinity":121,"b:302:6:305:Infinity:undefined:undefined:undefined:undefined":66,"s:302:6:305:Infinity":122,"s:303:8:303:Infinity":123,"s:304:8:304:Infinity":124,"b:306:6:309:Infinity:undefined:undefined:undefined:undefined":67,"s:306:6:309:Infinity":125,"s:307:8:307:Infinity":126,"s:308:8:308:Infinity":127,"b:310:6:313:Infinity:undefined:undefined:undefined:undefined":68,"s:310:6:313:Infinity":128,"s:311:8:311:Infinity":129,"b:311:45:311:58:311:58:311:77":69,"s:312:8:312:Infinity":130,"b:316:4:318:Infinity:undefined:undefined:undefined:undefined":70,"s:316:4:318:Infinity":131,"s:317:6:317:Infinity":132,"s:321:22:321:Infinity":133,"b:322:4:325:Infinity:undefined:undefined:undefined:undefined":71,"s:322:4:325:Infinity":134,"s:323:6:323:Infinity":135,"s:324:6:324:Infinity":136,"s:328:24:328:Infinity":137,"b:329:4:332:Infinity:undefined:undefined:undefined:undefined":72,"s:329:4:332:Infinity":138,"s:330:6:330:Infinity":139,"s:331:6:331:Infinity":140,"s:334:4:334:Infinity":141,"s:337:2:337:Infinity":142,"s:345:13:354:Infinity":143,"f:345:13:345:31":18,"s:346:17:350:Infinity":144,"f:346:28:346:34":19,"s:347:18:347:Infinity":145,"b:347:18:347:42:347:42:347:Infinity":73,"s:348:18:348:Infinity":146,"b:348:18:348:42:348:42:348:Infinity":74,"s:349:4:349:Infinity":147,"s:351:2:353:Infinity":148,"f:352:5:352:9":20,"s:352:14:352:71":149}}}
}
